TN:
SF:app\api\alerts\route.ts
FN:5,alertsHandler
FN:15,(anonymous_9)
FN:23,(anonymous_10)
FN:24,(anonymous_11)
FN:25,(anonymous_12)
FN:26,(anonymous_13)
FN:44,resolveAlertHandler
FNF:7
FNH:0
FNDA:0,alertsHandler
FNDA:0,(anonymous_9)
FNDA:0,(anonymous_10)
FNDA:0,(anonymous_11)
FNDA:0,(anonymous_12)
FNDA:0,(anonymous_13)
FNDA:0,resolveAlertHandler
DA:1,0
DA:2,0
DA:3,0
DA:6,0
DA:7,0
DA:8,0
DA:10,0
DA:15,0
DA:17,0
DA:23,0
DA:24,0
DA:25,0
DA:26,0
DA:33,0
DA:45,0
DA:46,0
DA:47,0
DA:49,0
DA:50,0
DA:56,0
DA:58,0
DA:59,0
DA:65,0
DA:73,0
DA:84,0
DA:85,0
LF:26
LH:0
BRDA:10,0,0,0
BRDA:10,0,1,0
BRDA:36,1,0,0
BRDA:36,1,1,0
BRDA:49,2,0,0
BRDA:49,2,1,0
BRDA:58,3,0,0
BRDA:58,3,1,0
BRDA:76,4,0,0
BRDA:76,4,1,0
BRF:10
BRH:0
end_of_record
TN:
SF:app\api\auth\session\route.ts
FN:8,POST
FN:36,DELETE
FNF:2
FNH:0
FNDA:0,POST
FNDA:0,DELETE
DA:1,0
DA:2,0
DA:4,0
DA:6,0
DA:8,0
DA:9,0
DA:10,0
DA:12,0
DA:13,0
DA:16,0
DA:18,0
DA:19,0
DA:21,0
DA:24,0
DA:27,0
DA:29,0
DA:31,0
DA:32,0
DA:36,0
DA:37,0
DA:40,0
DA:43,0
DA:45,0
LF:23
LH:0
BRDA:12,0,0,0
BRDA:12,0,1,0
BRF:2
BRH:0
end_of_record
TN:
SF:app\api\auth\session-management\route.ts
FN:6,GET
FN:29,(anonymous_9)
FN:36,(anonymous_10)
FN:54,DELETE
FN:76,(anonymous_13)
FN:103,POST
FNF:6
FNH:0
FNDA:0,GET
FNDA:0,(anonymous_9)
FNDA:0,(anonymous_10)
FNDA:0,DELETE
FNDA:0,(anonymous_13)
FNDA:0,POST
DA:1,0
DA:2,0
DA:3,0
DA:6,0
DA:7,0
DA:8,0
DA:10,0
DA:11,0
DA:18,0
DA:21,0
DA:23,0
DA:29,0
DA:36,0
DA:45,0
DA:46,0
DA:54,0
DA:55,0
DA:56,0
DA:58,0
DA:59,0
DA:65,0
DA:67,0
DA:68,0
DA:75,0
DA:76,0
DA:78,0
DA:79,0
DA:86,0
DA:88,0
DA:94,0
DA:95,0
DA:103,0
DA:104,0
DA:105,0
DA:107,0
DA:108,0
DA:114,0
DA:116,0
DA:117,0
DA:124,0
DA:128,0
DA:131,0
DA:134,0
DA:140,0
DA:147,0
DA:150,0
DA:151,0
LF:47
LH:0
BRDA:10,0,0,0
BRDA:10,0,1,0
BRDA:27,1,0,0
BRDA:27,1,1,0
BRDA:58,2,0,0
BRDA:58,2,1,0
BRDA:67,3,0,0
BRDA:67,3,1,0
BRDA:78,4,0,0
BRDA:78,4,1,0
BRDA:107,5,0,0
BRDA:107,5,1,0
BRDA:116,6,0,0
BRDA:116,6,1,0
BRDA:124,7,0,0
BRDA:124,7,1,0
BRDA:124,7,2,0
BRDA:124,7,3,0
BRDA:128,8,0,0
BRDA:128,8,1,0
BRF:20
BRH:0
end_of_record
TN:
SF:app\api\campaigns\email\send\route.ts
FN:10,(anonymous_8)
FN:10,(anonymous_9)
FN:75,(anonymous_10)
FN:145,(anonymous_11)
FNF:4
FNH:0
FNDA:0,(anonymous_8)
FNDA:0,(anonymous_9)
FNDA:0,(anonymous_10)
FNDA:0,(anonymous_11)
DA:1,0
DA:2,0
DA:3,0
DA:4,0
DA:5,0
DA:6,0
DA:7,0
DA:9,0
DA:10,0
DA:11,0
DA:12,0
DA:13,0
DA:15,0
DA:16,0
DA:17,0
DA:21,0
DA:23,0
DA:24,0
DA:27,0
DA:30,0
DA:31,0
DA:35,0
DA:40,0
DA:41,0
DA:42,0
DA:43,0
DA:45,0
DA:46,0
DA:47,0
DA:48,0
DA:57,0
DA:58,0
DA:62,0
DA:63,0
DA:64,0
DA:66,0
DA:73,0
DA:74,0
DA:75,0
DA:77,0
DA:82,0
DA:85,0
DA:86,0
DA:96,0
DA:101,0
DA:102,0
DA:105,0
DA:107,0
DA:108,0
DA:109,0
DA:111,0
DA:119,0
DA:120,0
DA:121,0
DA:123,0
DA:124,0
DA:125,0
DA:126,0
DA:128,0
DA:130,0
DA:132,0
DA:133,0
DA:139,0
DA:141,0
DA:142,0
DA:145,0
DA:148,0
DA:151,0
DA:158,0
DA:159,0
DA:160,0
DA:165,0
DA:168,0
DA:170,0
DA:171,0
DA:172,0
DA:173,0
DA:179,0
DA:181,0
DA:182,0
LF:80
LH:0
BRDA:16,0,0,0
BRDA:16,0,1,0
BRDA:23,1,0,0
BRDA:23,1,1,0
BRDA:30,2,0,0
BRDA:30,2,1,0
BRDA:30,3,0,0
BRDA:30,3,1,0
BRDA:30,4,0,0
BRDA:30,4,1,0
BRDA:30,5,0,0
BRDA:30,5,1,0
BRDA:30,6,0,0
BRDA:30,6,1,0
BRDA:30,7,0,0
BRDA:30,7,1,0
BRDA:45,8,0,0
BRDA:45,8,1,0
BRDA:47,9,0,0
BRDA:47,9,1,0
BRDA:47,10,0,0
BRDA:47,10,1,0
BRDA:47,11,0,0
BRDA:47,11,1,0
BRDA:57,12,0,0
BRDA:57,12,1,0
BRDA:74,13,0,0
BRDA:74,13,1,0
BRDA:85,14,0,0
BRDA:85,14,1,0
BRDA:101,15,0,0
BRDA:101,15,1,0
BRDA:125,16,0,0
BRDA:125,16,1,0
BRDA:125,17,0,0
BRDA:125,17,1,0
BRDA:126,18,0,0
BRDA:126,18,1,0
BRDA:126,19,0,0
BRDA:126,19,1,0
BRDA:126,20,0,0
BRDA:126,20,1,0
BRDA:128,21,0,0
BRDA:128,21,1,0
BRDA:128,22,0,0
BRDA:128,22,1,0
BRDA:128,23,0,0
BRDA:128,23,1,0
BRDA:130,24,0,0
BRDA:130,24,1,0
BRDA:130,25,0,0
BRDA:130,25,1,0
BRDA:130,26,0,0
BRDA:130,26,1,0
BRDA:142,27,0,0
BRDA:142,27,1,0
BRDA:170,28,0,0
BRDA:170,28,1,0
BRDA:172,29,0,0
BRDA:172,29,1,0
BRDA:172,30,0,0
BRDA:172,30,1,0
BRDA:172,31,0,0
BRDA:172,31,1,0
BRDA:182,32,0,0
BRDA:182,32,1,0
BRDA:182,33,0,0
BRDA:182,33,1,0
BRF:68
BRH:0
end_of_record
TN:
SF:app\api\campaigns\sms\send\route.ts
FN:11,sendUltraMsgMessage
FN:23,POST
FN:91,(anonymous_11)
FN:151,(anonymous_12)
FNF:4
FNH:0
FNDA:0,sendUltraMsgMessage
FNDA:0,POST
FNDA:0,(anonymous_11)
FNDA:0,(anonymous_12)
DA:1,0
DA:2,0
DA:3,0
DA:4,0
DA:5,0
DA:12,0
DA:13,0
DA:19,0
DA:20,0
DA:23,0
DA:24,0
DA:25,0
DA:27,0
DA:28,0
DA:31,0
DA:32,0
DA:33,0
DA:37,0
DA:39,0
DA:40,0
DA:43,0
DA:46,0
DA:47,0
DA:51,0
DA:56,0
DA:57,0
DA:58,0
DA:59,0
DA:61,0
DA:62,0
DA:63,0
DA:64,0
DA:73,0
DA:74,0
DA:78,0
DA:79,0
DA:80,0
DA:82,0
DA:89,0
DA:90,0
DA:91,0
DA:93,0
DA:98,0
DA:101,0
DA:102,0
DA:112,0
DA:117,0
DA:118,0
DA:121,0
DA:123,0
DA:124,0
DA:125,0
DA:127,0
DA:128,0
DA:129,0
DA:131,0
DA:132,0
DA:133,0
DA:134,0
DA:136,0
DA:138,0
DA:139,0
DA:140,0
DA:141,0
DA:143,0
DA:144,0
DA:147,0
DA:148,0
DA:151,0
DA:154,0
DA:157,0
DA:164,0
DA:165,0
DA:166,0
DA:171,0
DA:174,0
DA:176,0
DA:177,0
DA:178,0
DA:179,0
DA:185,0
DA:187,0
DA:188,0
LF:83
LH:0
BRDA:27,0,0,0
BRDA:27,0,1,0
BRDA:32,1,0,0
BRDA:32,1,1,0
BRDA:39,2,0,0
BRDA:39,2,1,0
BRDA:46,3,0,0
BRDA:46,3,1,0
BRDA:46,4,0,0
BRDA:46,4,1,0
BRDA:46,5,0,0
BRDA:46,5,1,0
BRDA:46,6,0,0
BRDA:46,6,1,0
BRDA:46,7,0,0
BRDA:46,7,1,0
BRDA:46,8,0,0
BRDA:46,8,1,0
BRDA:61,9,0,0
BRDA:61,9,1,0
BRDA:63,10,0,0
BRDA:63,10,1,0
BRDA:63,11,0,0
BRDA:63,11,1,0
BRDA:63,12,0,0
BRDA:63,12,1,0
BRDA:73,13,0,0
BRDA:73,13,1,0
BRDA:90,14,0,0
BRDA:90,14,1,0
BRDA:101,15,0,0
BRDA:101,15,1,0
BRDA:117,16,0,0
BRDA:117,16,1,0
BRDA:133,17,0,0
BRDA:133,17,1,0
BRDA:133,18,0,0
BRDA:133,18,1,0
BRDA:134,19,0,0
BRDA:134,19,1,0
BRDA:134,20,0,0
BRDA:134,20,1,0
BRDA:134,21,0,0
BRDA:134,21,1,0
BRDA:136,22,0,0
BRDA:136,22,1,0
BRDA:136,23,0,0
BRDA:136,23,1,0
BRDA:136,24,0,0
BRDA:136,24,1,0
BRDA:140,25,0,0
BRDA:140,25,1,0
BRDA:140,26,0,0
BRDA:140,26,1,0
BRDA:140,26,2,0
BRDA:148,27,0,0
BRDA:148,27,1,0
BRDA:176,28,0,0
BRDA:176,28,1,0
BRDA:178,29,0,0
BRDA:178,29,1,0
BRDA:178,30,0,0
BRDA:178,30,1,0
BRDA:178,31,0,0
BRDA:178,31,1,0
BRDA:188,32,0,0
BRDA:188,32,1,0
BRDA:188,33,0,0
BRDA:188,33,1,0
BRF:69
BRH:0
end_of_record
TN:
SF:app\api\database\performance\route.ts
FN:10,GET
FN:77,POST
FN:105,(anonymous_11)
FN:108,(anonymous_12)
FN:157,PUT
FN:173,(anonymous_15)
FN:174,(anonymous_16)
FN:180,(anonymous_17)
FN:183,(anonymous_18)
FNF:9
FNH:0
FNDA:0,GET
FNDA:0,POST
FNDA:0,(anonymous_11)
FNDA:0,(anonymous_12)
FNDA:0,PUT
FNDA:0,(anonymous_15)
FNDA:0,(anonymous_16)
FNDA:0,(anonymous_17)
FNDA:0,(anonymous_18)
DA:1,0
DA:2,0
DA:3,0
DA:4,0
DA:10,0
DA:11,0
DA:13,0
DA:14,0
DA:15,0
DA:16,0
DA:18,0
DA:24,0
DA:26,0
DA:28,0
DA:29,0
DA:35,0
DA:36,0
DA:38,0
DA:45,0
DA:46,0
DA:47,0
DA:50,0
DA:52,0
DA:58,0
DA:63,0
DA:77,0
DA:78,0
DA:80,0
DA:81,0
DA:82,0
DA:84,0
DA:90,0
DA:92,0
DA:94,0
DA:95,0
DA:98,0
DA:99,0
DA:100,0
DA:101,0
DA:104,0
DA:105,0
DA:108,0
DA:113,0
DA:118,0
DA:121,0
DA:127,0
DA:131,0
DA:138,0
DA:143,0
DA:157,0
DA:158,0
DA:160,0
DA:161,0
DA:162,0
DA:163,0
DA:165,0
DA:171,0
DA:172,0
DA:173,0
DA:174,0
DA:177,0
DA:180,0
DA:183,0
DA:186,0
DA:188,0
DA:199,0
DA:204,0
LF:67
LH:0
BRDA:26,0,0,0
BRDA:26,0,1,0
BRDA:45,1,0,0
BRDA:45,1,1,0
BRDA:92,2,0,0
BRDA:92,2,1,0
BRDA:92,2,2,0
BRDA:92,2,3,0
BRDA:162,3,0,0
BRDA:162,3,1,0
BRDA:163,4,0,0
BRDA:163,4,1,0
BRDA:179,5,0,0
BRDA:179,5,1,0
BRDA:182,6,0,0
BRDA:182,6,1,0
BRF:16
BRH:0
end_of_record
TN:
SF:app\api\docs\route.ts
FN:13,registerExistingRoutes
FN:219,docsHandler
FN:269,generateSwaggerUI
FN:318,generateReDocUI
FN:339,docsResponseHandler
FNF:5
FNH:0
FNDA:0,registerExistingRoutes
FNDA:0,docsHandler
FNDA:0,generateSwaggerUI
FNDA:0,generateReDocUI
FNDA:0,docsResponseHandler
DA:2,0
DA:3,0
DA:4,0
DA:5,0
DA:15,0
DA:49,0
DA:80,0
DA:108,0
DA:143,0
DA:173,0
DA:216,0
DA:221,0
DA:223,0
DA:224,0
DA:225,0
DA:228,0
DA:229,0
DA:230,0
DA:231,0
DA:233,0
DA:238,0
DA:241,0
DA:245,0
DA:255,0
DA:259,0
DA:262,0
DA:270,0
DA:319,0
DA:340,0
DA:342,0
DA:343,0
DA:345,0
DA:347,0
DA:356,0
DA:359,0
DA:364,0
LF:36
LH:0
BRDA:224,0,0,0
BRDA:224,0,1,0
BRDA:229,1,0,0
BRDA:229,1,1,0
BRDA:241,2,0,0
BRDA:241,2,1,0
BRDA:241,2,2,0
BRDA:241,2,3,0
BRDA:343,3,0,0
BRDA:343,3,1,0
BRDA:345,4,0,0
BRDA:345,4,1,0
BRDA:345,5,0,0
BRDA:345,5,1,0
BRF:14
BRH:0
end_of_record
TN:
SF:app\api\encryption\key-management\route.ts
FN:6,GET
FN:48,POST
FN:110,PUT
FNF:3
FNH:0
FNDA:0,GET
FNDA:0,POST
FNDA:0,PUT
DA:1,0
DA:2,0
DA:3,0
DA:6,0
DA:7,0
DA:8,0
DA:10,0
DA:11,0
DA:18,0
DA:20,0
DA:21,0
DA:27,0
DA:39,0
DA:40,0
DA:48,0
DA:49,0
DA:50,0
DA:52,0
DA:53,0
DA:59,0
DA:61,0
DA:63,0
DA:66,0
DA:68,0
DA:80,0
DA:82,0
DA:84,0
DA:91,0
DA:98,0
DA:99,0
DA:110,0
DA:111,0
DA:112,0
DA:114,0
DA:115,0
DA:124,0
DA:126,0
DA:132,0
DA:133,0
LF:39
LH:0
BRDA:10,0,0,0
BRDA:10,0,1,0
BRDA:20,1,0,0
BRDA:20,1,1,0
BRDA:52,2,0,0
BRDA:52,2,1,0
BRDA:61,3,0,0
BRDA:61,3,1,0
BRDA:71,4,0,0
BRDA:71,4,1,0
BRDA:80,5,0,0
BRDA:80,5,1,0
BRDA:87,6,0,0
BRDA:87,6,1,0
BRDA:102,7,0,0
BRDA:102,7,1,0
BRDA:114,8,0,0
BRDA:114,8,1,0
BRF:18
BRH:0
end_of_record
TN:
SF:app\api\external-services\cache\route.ts
FN:10,GET
FN:51,DELETE
FN:110,POST
FN:120,(anonymous_13)
FNF:4
FNH:0
FNDA:0,GET
FNDA:0,DELETE
FNDA:0,POST
FNDA:0,(anonymous_13)
DA:1,0
DA:2,0
DA:3,0
DA:4,0
DA:10,0
DA:11,0
DA:13,0
DA:14,0
DA:19,0
DA:22,0
DA:24,0
DA:32,0
DA:37,0
DA:51,0
DA:52,0
DA:54,0
DA:55,0
DA:56,0
DA:58,0
DA:64,0
DA:66,0
DA:67,0
DA:69,0
DA:75,0
DA:76,0
DA:78,0
DA:79,0
DA:82,0
DA:84,0
DA:91,0
DA:96,0
DA:110,0
DA:111,0
DA:113,0
DA:114,0
DA:119,0
DA:120,0
DA:122,0
DA:123,0
DA:125,0
DA:131,0
DA:136,0
LF:42
LH:0
BRDA:61,0,0,0
BRDA:61,0,1,0
BRDA:64,1,0,0
BRDA:64,1,1,0
BRF:4
BRH:0
end_of_record
TN:
SF:app\api\external-services\health\route.ts
FN:5,GET
FN:57,POST
FN:86,(anonymous_11)
FNF:3
FNH:0
FNDA:0,GET
FNDA:0,POST
FNDA:0,(anonymous_11)
DA:1,0
DA:2,0
DA:3,0
DA:5,0
DA:6,0
DA:8,0
DA:11,0
DA:18,0
DA:21,0
DA:22,0
DA:23,0
DA:25,0
DA:33,0
DA:43,0
DA:45,0
DA:57,0
DA:58,0
DA:59,0
DA:60,0
DA:62,0
DA:63,0
DA:65,0
DA:66,0
DA:67,0
DA:68,0
DA:73,0
DA:85,0
DA:86,0
DA:88,0
DA:95,0
DA:105,0
DA:107,0
LF:32
LH:0
BRDA:23,0,0,0
BRDA:23,0,1,0
BRDA:26,1,0,0
BRDA:26,1,1,0
BRDA:26,2,0,0
BRDA:26,2,1,0
BRDA:62,3,0,0
BRDA:62,3,1,0
BRDA:63,4,0,0
BRDA:63,4,1,0
BRDA:66,5,0,0
BRDA:66,5,1,0
BRF:12
BRH:0
end_of_record
TN:
SF:app\api\health\route.ts
FN:9,healthHandler
FNF:1
FNH:0
FNDA:0,healthHandler
DA:2,0
DA:3,0
DA:4,0
DA:5,0
DA:6,0
DA:7,0
DA:10,0
DA:12,0
DA:14,0
DA:17,0
DA:18,0
DA:19,0
DA:20,0
DA:21,0
DA:24,0
DA:78,0
DA:79,0
DA:82,0
DA:83,0
DA:87,0
LF:20
LH:0
BRDA:62,0,0,0
BRDA:62,0,1,0
BRDA:63,1,0,0
BRDA:63,1,1,0
BRDA:64,2,0,0
BRDA:64,2,1,0
BRDA:65,3,0,0
BRDA:65,3,1,0
BRDA:66,4,0,0
BRDA:66,4,1,0
BRDA:67,5,0,0
BRDA:67,5,1,0
BRDA:78,6,0,0
BRDA:78,6,1,0
BRDA:78,7,0,0
BRDA:78,7,1,0
BRF:16
BRH:0
end_of_record
TN:
SF:app\api\integrations\credentials\route.ts
FN:8,GET
FN:34,(anonymous_9)
FN:34,(anonymous_10)
FNF:3
FNH:0
FNDA:0,GET
FNDA:0,(anonymous_9)
FNDA:0,(anonymous_10)
DA:1,0
DA:2,0
DA:3,0
DA:4,0
DA:5,0
DA:6,0
DA:8,0
DA:9,0
DA:10,0
DA:11,0
DA:12,0
DA:15,0
DA:21,0
DA:23,0
DA:24,0
DA:26,0
DA:28,0
DA:29,0
DA:33,0
DA:34,0
DA:35,0
DA:36,0
DA:37,0
DA:39,0
DA:40,0
DA:41,0
DA:45,0
DA:51,0
DA:52,0
DA:57,0
DA:58,0
DA:59,0
DA:61,0
DA:62,0
DA:65,0
DA:71,0
DA:72,0
DA:74,0
DA:75,0
DA:77,0
DA:78,0
DA:80,0
DA:81,0
DA:84,0
DA:85,0
DA:87,0
DA:90,0
DA:93,0
DA:95,0
DA:96,0
LF:50
LH:0
BRDA:11,0,0,0
BRDA:11,0,1,0
BRDA:21,1,0,0
BRDA:21,1,1,0
BRDA:23,2,0,0
BRDA:23,2,1,0
BRDA:23,2,2,0
BRDA:24,3,0,0
BRDA:24,3,1,0
BRDA:24,3,2,0
BRDA:40,4,0,0
BRDA:40,4,1,0
BRDA:51,5,0,0
BRDA:51,5,1,0
BRDA:52,6,0,0
BRDA:52,6,1,0
BRDA:57,7,0,0
BRDA:57,7,1,0
BRDA:57,8,0,0
BRDA:57,8,1,0
BRDA:71,9,0,0
BRDA:71,9,1,0
BRDA:74,10,0,0
BRDA:74,10,1,0
BRDA:77,11,0,0
BRDA:77,11,1,0
BRDA:80,12,0,0
BRDA:80,12,1,0
BRDA:84,13,0,0
BRDA:84,13,1,0
BRDA:96,14,0,0
BRDA:96,14,1,0
BRDA:96,15,0,0
BRDA:96,15,1,0
BRF:34
BRH:0
end_of_record
TN:
SF:app\api\integrations\test\route.ts
FN:11,POST
FNF:1
FNH:0
FNDA:0,POST
DA:1,0
DA:2,0
DA:3,0
DA:4,0
DA:5,0
DA:11,0
DA:12,0
DA:13,0
DA:15,0
DA:16,0
DA:19,0
DA:20,0
DA:21,0
DA:23,0
DA:24,0
DA:25,0
DA:26,0
DA:28,0
DA:29,0
DA:31,0
DA:32,0
DA:33,0
DA:36,0
DA:37,0
DA:39,0
DA:40,0
DA:45,0
DA:47,0
DA:49,0
DA:57,0
DA:58,0
DA:61,0
DA:62,0
DA:64,0
DA:65,0
DA:68,0
DA:74,0
DA:75,0
LF:38
LH:0
BRDA:15,0,0,0
BRDA:15,0,1,0
BRDA:15,1,0,0
BRDA:15,1,1,0
BRDA:15,1,2,0
BRDA:15,2,0,0
BRDA:15,2,1,0
BRDA:15,3,0,0
BRDA:15,3,1,0
BRDA:20,4,0,0
BRDA:20,4,1,0
BRDA:25,5,0,0
BRDA:25,5,1,0
BRDA:31,6,0,0
BRDA:31,6,1,0
BRDA:32,7,0,0
BRDA:32,7,1,0
BRDA:32,8,0,0
BRDA:32,8,1,0
BRDA:50,9,0,0
BRDA:50,9,1,0
BRDA:57,10,0,0
BRDA:57,10,1,0
BRDA:57,11,0,0
BRDA:57,11,1,0
BRDA:64,12,0,0
BRDA:64,12,1,0
BRDA:64,13,0,0
BRDA:64,13,1,0
BRDA:75,14,0,0
BRDA:75,14,1,0
BRDA:75,15,0,0
BRDA:75,15,1,0
BRF:33
BRH:0
end_of_record
TN:
SF:app\api\leads\export\route.ts
FN:13,streamExportHandler
FN:31,(anonymous_9)
FN:50,(anonymous_11)
FN:59,(anonymous_12)
FN:59,(anonymous_13)
FN:82,(anonymous_14)
FN:122,batchProcessHandler
FN:140,(anonymous_17)
FN:140,(anonymous_18)
FN:144,(anonymous_19)
FN:155,(anonymous_20)
FN:163,(anonymous_21)
FN:178,(anonymous_22)
FN:178,(anonymous_23)
FNF:14
FNH:0
FNDA:0,streamExportHandler
FNDA:0,(anonymous_9)
FNDA:0,(anonymous_11)
FNDA:0,(anonymous_12)
FNDA:0,(anonymous_13)
FNDA:0,(anonymous_14)
FNDA:0,batchProcessHandler
FNDA:0,(anonymous_17)
FNDA:0,(anonymous_18)
FNDA:0,(anonymous_19)
FNDA:0,(anonymous_20)
FNDA:0,(anonymous_21)
FNDA:0,(anonymous_22)
FNDA:0,(anonymous_23)
DA:2,0
DA:3,0
DA:4,0
DA:5,0
DA:6,0
DA:14,0
DA:15,0
DA:16,0
DA:17,0
DA:19,0
DA:20,0
DA:23,0
DA:30,0
DA:32,0
DA:34,0
DA:39,0
DA:40,0
DA:43,0
DA:44,0
DA:48,0
DA:51,0
DA:52,0
DA:59,0
DA:60,0
DA:62,0
DA:63,0
DA:64,0
DA:66,0
DA:67,0
DA:68,0
DA:69,0
DA:71,0
DA:72,0
DA:74,0
DA:77,0
DA:78,0
DA:83,0
DA:89,0
DA:90,0
DA:93,0
DA:99,0
DA:100,0
DA:103,0
DA:109,0
DA:110,0
DA:112,0
DA:123,0
DA:124,0
DA:126,0
DA:127,0
DA:130,0
DA:136,0
DA:137,0
DA:140,0
DA:141,0
DA:144,0
DA:155,0
DA:163,0
DA:171,0
DA:176,0
DA:178,0
DA:179,0
DA:180,0
DA:185,0
DA:187,0
DA:188,0
DA:190,0
DA:200,0
DA:205,0
LF:69
LH:0
BRDA:16,0,0,0
BRDA:16,0,1,0
BRDA:17,1,0,0
BRDA:17,1,1,0
BRDA:19,2,0,0
BRDA:19,2,1,0
BRDA:43,3,0,0
BRDA:43,3,1,0
BRDA:55,4,0,0
BRDA:55,4,1,0
BRDA:55,5,0,0
BRDA:55,5,1,0
BRDA:55,6,0,0
BRDA:55,6,1,0
BRDA:55,7,0,0
BRDA:55,7,1,0
BRDA:55,8,0,0
BRDA:55,8,1,0
BRDA:55,9,0,0
BRDA:55,9,1,0
BRDA:55,10,0,0
BRDA:55,10,1,0
BRDA:55,11,0,0
BRDA:55,11,1,0
BRDA:55,12,0,0
BRDA:55,12,1,0
BRDA:55,13,0,0
BRDA:55,13,1,0
BRDA:55,14,0,0
BRDA:55,14,1,0
BRDA:56,15,0,0
BRDA:56,15,1,0
BRDA:56,16,0,0
BRDA:56,16,1,0
BRDA:56,17,0,0
BRDA:56,17,1,0
BRDA:56,18,0,0
BRDA:56,18,1,0
BRDA:56,19,0,0
BRDA:56,19,1,0
BRDA:56,20,0,0
BRDA:56,20,1,0
BRDA:56,21,0,0
BRDA:56,21,1,0
BRDA:56,22,0,0
BRDA:56,22,1,0
BRDA:56,23,0,0
BRDA:56,23,1,0
BRDA:56,24,0,0
BRDA:56,24,1,0
BRDA:56,25,0,0
BRDA:56,25,1,0
BRDA:62,26,0,0
BRDA:62,26,1,0
BRDA:63,27,0,0
BRDA:63,27,1,0
BRDA:68,28,0,0
BRDA:68,28,1,0
BRDA:69,29,0,0
BRDA:69,29,1,0
BRDA:74,30,0,0
BRDA:74,30,1,0
BRDA:74,31,0,0
BRDA:74,31,1,0
BRDA:74,32,0,0
BRDA:74,32,1,0
BRDA:74,33,0,0
BRDA:74,33,1,0
BRDA:74,34,0,0
BRDA:74,34,1,0
BRDA:74,35,0,0
BRDA:74,35,1,0
BRDA:89,36,0,0
BRDA:89,36,1,0
BRDA:124,37,0,0
BRDA:124,38,0,0
BRDA:126,39,0,0
BRDA:126,39,1,0
BRDA:126,40,0,0
BRDA:126,40,1,0
BRDA:141,41,0,0
BRDA:141,41,1,0
BRDA:141,41,2,0
BRDA:141,41,3,0
BRDA:146,42,0,0
BRDA:146,42,1,0
BRDA:146,42,2,0
BRDA:148,43,0,0
BRDA:148,43,1,0
BRDA:149,44,0,0
BRDA:149,44,1,0
BRDA:149,44,2,0
BRF:92
BRH:0
end_of_record
TN:
SF:app\api\leads\generate\route.ts
FN:10,(anonymous_7)
FN:10,(anonymous_8)
FN:36,(anonymous_9)
FN:82,(anonymous_10)
FN:82,(anonymous_11)
FN:123,(anonymous_12)
FN:123,(anonymous_13)
FN:141,(anonymous_14)
FN:163,(anonymous_15)
FN:163,(anonymous_16)
FN:192,(anonymous_17)
FN:192,(anonymous_18)
FN:232,(anonymous_19)
FN:232,(anonymous_20)
FN:294,(anonymous_21)
FN:349,(anonymous_22)
FNF:16
FNH:0
FNDA:0,(anonymous_7)
FNDA:0,(anonymous_8)
FNDA:0,(anonymous_9)
FNDA:0,(anonymous_10)
FNDA:0,(anonymous_11)
FNDA:0,(anonymous_12)
FNDA:0,(anonymous_13)
FNDA:0,(anonymous_14)
FNDA:0,(anonymous_15)
FNDA:0,(anonymous_16)
FNDA:0,(anonymous_17)
FNDA:0,(anonymous_18)
FNDA:0,(anonymous_19)
FNDA:0,(anonymous_20)
FNDA:0,(anonymous_21)
FNDA:0,(anonymous_22)
DA:1,0
DA:2,0
DA:3,0
DA:4,0
DA:5,0
DA:6,0
DA:7,0
DA:9,0
DA:10,0
DA:11,0
DA:12,0
DA:13,0
DA:15,0
DA:16,0
DA:17,0
DA:20,0
DA:21,0
DA:23,0
DA:24,0
DA:25,0
DA:29,0
DA:35,0
DA:36,0
DA:38,0
DA:39,0
DA:40,0
DA:41,0
DA:43,0
DA:50,0
DA:52,0
DA:53,0
DA:63,0
DA:76,0
DA:78,0
DA:81,0
DA:82,0
DA:83,0
DA:86,0
DA:87,0
DA:90,0
DA:92,0
DA:93,0
DA:96,0
DA:97,0
DA:98,0
DA:100,0
DA:101,0
DA:103,0
DA:104,0
DA:106,0
DA:107,0
DA:109,0
DA:110,0
DA:111,0
DA:112,0
DA:113,0
DA:114,0
DA:115,0
DA:116,0
DA:119,0
DA:122,0
DA:123,0
DA:124,0
DA:127,0
DA:128,0
DA:131,0
DA:133,0
DA:134,0
DA:137,0
DA:139,0
DA:140,0
DA:141,0
DA:144,0
DA:145,0
DA:146,0
DA:147,0
DA:151,0
DA:153,0
DA:155,0
DA:156,0
DA:157,0
DA:159,0
DA:162,0
DA:163,0
DA:164,0
DA:173,0
DA:175,0
DA:176,0
DA:177,0
DA:179,0
DA:180,0
DA:181,0
DA:183,0
DA:184,0
DA:185,0
DA:186,0
DA:191,0
DA:192,0
DA:193,0
DA:199,0
DA:200,0
DA:202,0
DA:203,0
DA:204,0
DA:206,0
DA:207,0
DA:208,0
DA:210,0
DA:211,0
DA:212,0
DA:216,0
DA:220,0
DA:222,0
DA:223,0
DA:224,0
DA:231,0
DA:232,0
DA:233,0
DA:236,0
DA:238,0
DA:239,0
DA:241,0
DA:242,0
DA:244,0
DA:245,0
DA:247,0
DA:254,0
DA:255,0
DA:256,0
DA:257,0
DA:258,0
DA:262,0
DA:263,0
DA:264,0
DA:267,0
DA:268,0
DA:269,0
DA:272,0
DA:273,0
DA:274,0
DA:278,0
DA:282,0
DA:291,0
DA:294,0
DA:312,0
DA:314,0
DA:315,0
DA:316,0
DA:317,0
DA:319,0
DA:326,0
DA:327,0
DA:329,0
DA:330,0
DA:339,0
DA:340,0
DA:344,0
DA:345,0
DA:346,0
DA:347,0
DA:349,0
DA:350,0
DA:351,0
DA:354,0
DA:356,0
DA:357,0
DA:361,0
DA:363,0
DA:364,0
LF:169
LH:0
BRDA:16,0,0,0
BRDA:16,0,1,0
BRDA:20,1,0,0
BRDA:20,1,1,0
BRDA:21,2,0,0
BRDA:21,2,1,0
BRDA:24,3,0,0
BRDA:24,3,1,0
BRDA:35,4,0,0
BRDA:35,4,1,0
BRDA:36,5,0,0
BRDA:36,5,1,0
BRDA:36,6,0,0
BRDA:36,6,1,0
BRDA:36,7,0,0
BRDA:36,7,1,0
BRDA:38,8,0,0
BRDA:38,8,1,0
BRDA:52,9,0,0
BRDA:52,9,1,0
BRDA:76,10,0,0
BRDA:76,10,1,0
BRDA:86,11,0,0
BRDA:86,11,1,0
BRDA:92,12,0,0
BRDA:92,12,1,0
BRDA:92,13,0,0
BRDA:92,13,1,0
BRDA:103,14,0,0
BRDA:103,14,1,0
BRDA:112,15,0,0
BRDA:112,15,1,0
BRDA:127,16,0,0
BRDA:127,16,1,0
BRDA:133,17,0,0
BRDA:133,17,1,0
BRDA:133,18,0,0
BRDA:133,18,1,0
BRDA:139,19,0,0
BRDA:139,19,1,0
BRDA:139,20,0,0
BRDA:139,20,1,0
BRDA:139,20,2,0
BRDA:144,21,0,0
BRDA:144,21,1,0
BRDA:157,22,0,0
BRDA:157,22,1,0
BRDA:173,23,0,0
BRDA:173,23,1,0
BRDA:175,24,0,0
BRDA:175,24,1,0
BRDA:175,25,0,0
BRDA:175,25,1,0
BRDA:175,26,0,0
BRDA:175,26,1,0
BRDA:175,27,0,0
BRDA:175,27,1,0
BRDA:175,28,0,0
BRDA:175,28,1,0
BRDA:175,29,0,0
BRDA:175,29,1,0
BRDA:175,30,0,0
BRDA:175,30,1,0
BRDA:175,31,0,0
BRDA:175,31,1,0
BRDA:175,32,0,0
BRDA:175,32,1,0
BRDA:183,33,0,0
BRDA:183,33,1,0
BRDA:183,34,0,0
BRDA:183,34,1,0
BRDA:183,34,2,0
BRDA:199,35,0,0
BRDA:199,35,1,0
BRDA:199,36,0,0
BRDA:199,36,1,0
BRDA:199,36,2,0
BRDA:199,37,0,0
BRDA:199,37,1,0
BRDA:199,38,0,0
BRDA:199,38,1,0
BRDA:202,39,0,0
BRDA:202,39,1,0
BRDA:202,40,0,0
BRDA:202,40,1,0
BRDA:206,41,0,0
BRDA:206,41,1,0
BRDA:206,42,0,0
BRDA:206,42,1,0
BRDA:210,43,0,0
BRDA:210,43,1,0
BRDA:210,44,0,0
BRDA:210,44,1,0
BRDA:220,45,0,0
BRDA:220,45,1,0
BRDA:220,45,2,0
BRDA:220,45,3,0
BRDA:222,46,0,0
BRDA:222,46,1,0
BRDA:238,47,0,0
BRDA:238,47,1,0
BRDA:238,48,0,0
BRDA:238,48,1,0
BRDA:257,49,0,0
BRDA:257,49,1,0
BRDA:257,50,0,0
BRDA:257,50,1,0
BRDA:262,51,0,0
BRDA:262,51,1,0
BRDA:262,52,0,0
BRDA:262,52,1,0
BRDA:262,52,2,0
BRDA:267,53,0,0
BRDA:267,53,1,0
BRDA:267,54,0,0
BRDA:267,54,1,0
BRDA:267,54,2,0
BRDA:272,55,0,0
BRDA:272,55,1,0
BRDA:274,56,0,0
BRDA:274,56,1,0
BRDA:285,57,0,0
BRDA:285,57,1,0
BRDA:286,58,0,0
BRDA:286,58,1,0
BRDA:286,59,0,0
BRDA:286,59,1,0
BRDA:286,60,0,0
BRDA:286,60,1,0
BRDA:297,61,0,0
BRDA:297,61,1,0
BRDA:298,62,0,0
BRDA:298,62,1,0
BRDA:314,63,0,0
BRDA:314,63,1,0
BRDA:314,64,0,0
BRDA:314,64,1,0
BRDA:329,65,0,0
BRDA:329,65,1,0
BRDA:339,66,0,0
BRDA:339,66,1,0
BRDA:344,67,0,0
BRDA:344,67,1,0
BRDA:364,68,0,0
BRDA:364,68,1,0
BRDA:364,69,0,0
BRDA:364,69,1,0
BRF:147
BRH:0
end_of_record
TN:
SF:app\api\leads\import\route.ts
FN:10,POST
FN:22,(anonymous_9)
FN:49,(anonymous_10)
FNF:3
FNH:0
FNDA:0,POST
FNDA:0,(anonymous_9)
FNDA:0,(anonymous_10)
DA:1,0
DA:2,0
DA:3,0
DA:4,0
DA:10,0
DA:11,0
DA:12,0
DA:13,0
DA:14,0
DA:17,0
DA:18,0
DA:22,0
DA:23,0
DA:24,0
DA:25,0
DA:26,0
DA:28,0
DA:42,0
DA:43,0
DA:45,0
DA:46,0
DA:47,0
DA:49,0
DA:50,0
DA:51,0
DA:54,0
DA:55,0
DA:57,0
DA:58,0
DA:62,0
DA:64,0
DA:65,0
LF:32
LH:0
BRDA:13,0,0,0
BRDA:13,0,1,0
BRDA:13,1,0,0
BRDA:13,1,1,0
BRDA:18,2,0,0
BRDA:18,2,1,0
BRDA:23,3,0,0
BRDA:23,3,1,0
BRDA:23,3,2,0
BRDA:24,4,0,0
BRDA:24,4,1,0
BRDA:24,4,2,0
BRDA:26,5,0,0
BRDA:26,5,1,0
BRDA:26,6,0,0
BRDA:26,6,1,0
BRDA:26,6,2,0
BRDA:26,6,3,0
BRDA:30,7,0,0
BRDA:30,7,1,0
BRDA:30,7,2,0
BRDA:31,8,0,0
BRDA:31,8,1,0
BRDA:31,8,2,0
BRDA:31,8,3,0
BRDA:32,9,0,0
BRDA:32,9,1,0
BRDA:32,9,2,0
BRDA:33,10,0,0
BRDA:33,10,1,0
BRDA:34,11,0,0
BRDA:34,11,1,0
BRDA:34,11,2,0
BRF:33
BRH:0
end_of_record
TN:
SF:app\api\metrics\route.ts
FN:5,metricsHandler
FN:56,formatPrometheusMetrics
FNF:2
FNH:0
FNDA:0,metricsHandler
FNDA:0,formatPrometheusMetrics
DA:1,0
DA:2,0
DA:3,0
DA:6,0
DA:8,0
DA:9,0
DA:10,0
DA:13,0
DA:14,0
DA:15,0
DA:16,0
DA:17,0
DA:21,0
DA:30,0
DA:31,0
DA:33,0
DA:34,0
DA:42,0
DA:45,0
DA:61,0
DA:64,0
DA:65,0
DA:66,0
DA:67,0
DA:71,0
DA:72,0
DA:73,0
DA:74,0
DA:78,0
DA:79,0
DA:80,0
DA:81,0
DA:82,0
DA:83,0
DA:84,0
DA:85,0
DA:86,0
DA:87,0
DA:88,0
DA:89,0
DA:92,0
DA:95,0
LF:42
LH:0
BRDA:16,0,0,0
BRDA:16,0,1,0
BRDA:31,1,0,0
BRDA:31,1,1,0
BRDA:31,2,0,0
BRDA:31,2,1,0
BRDA:31,3,0,0
BRDA:31,3,1,0
BRDA:31,4,0,0
BRDA:31,4,1,0
BRDA:48,5,0,0
BRDA:48,5,1,0
BRF:12
BRH:0
end_of_record
TN:
SF:app\api\paystack\cancel-subscription\route.ts
FN:6,POST
FN:52,(anonymous_9)
FNF:2
FNH:0
FNDA:0,POST
FNDA:0,(anonymous_9)
DA:1,0
DA:2,0
DA:3,0
DA:4,0
DA:6,0
DA:7,0
DA:8,0
DA:10,0
DA:11,0
DA:14,0
DA:16,0
DA:18,0
DA:19,0
DA:22,0
DA:24,0
DA:25,0
DA:28,0
DA:29,0
DA:30,0
DA:33,0
DA:45,0
DA:47,0
DA:48,0
DA:49,0
DA:52,0
DA:54,0
DA:55,0
DA:56,0
DA:68,0
DA:69,0
DA:72,0
DA:74,0
DA:75,0
LF:33
LH:0
BRDA:10,0,0,0
BRDA:10,0,1,0
BRDA:18,1,0,0
BRDA:18,1,1,0
BRDA:24,2,0,0
BRDA:24,2,1,0
BRDA:24,3,0,0
BRDA:24,3,1,0
BRDA:29,4,0,0
BRDA:29,4,1,0
BRDA:47,5,0,0
BRDA:47,5,1,0
BRDA:47,6,0,0
BRDA:47,6,1,0
BRDA:52,7,0,0
BRDA:52,7,1,0
BRDA:75,8,0,0
BRDA:75,8,1,0
BRDA:75,9,0,0
BRDA:75,9,1,0
BRF:20
BRH:0
end_of_record
TN:
SF:app\api\policy\accept\route.ts
FN:5,POST
FNF:1
FNH:0
FNDA:0,POST
DA:1,0
DA:2,0
DA:3,0
DA:5,0
DA:6,0
DA:7,0
DA:9,0
DA:10,0
DA:13,0
DA:15,0
DA:16,0
DA:17,0
DA:25,0
DA:26,0
DA:29,0
DA:31,0
DA:32,0
LF:17
LH:0
BRDA:9,0,0,0
BRDA:9,0,1,0
BRDA:32,1,0,0
BRDA:32,1,1,0
BRDA:32,2,0,0
BRDA:32,2,1,0
BRF:6
BRH:0
end_of_record
TN:
SF:app\api\queue\status\route.ts
FN:6,GET
FN:14,(anonymous_9)
FN:55,POST
FN:108,(anonymous_12)
FNF:4
FNH:0
FNDA:0,GET
FNDA:0,(anonymous_9)
FNDA:0,POST
FNDA:0,(anonymous_12)
DA:1,0
DA:2,0
DA:3,0
DA:4,0
DA:6,0
DA:7,0
DA:8,0
DA:11,0
DA:14,0
DA:15,0
DA:16,0
DA:17,0
DA:21,0
DA:24,0
DA:27,0
DA:29,0
DA:41,0
DA:43,0
DA:55,0
DA:56,0
DA:57,0
DA:58,0
DA:60,0
DA:62,0
DA:63,0
DA:69,0
DA:70,0
DA:76,0
DA:77,0
DA:83,0
DA:84,0
DA:86,0
DA:87,0
DA:93,0
DA:94,0
DA:100,0
DA:101,0
DA:107,0
DA:108,0
DA:109,0
DA:111,0
DA:117,0
DA:123,0
DA:125,0
LF:44
LH:0
BRDA:15,0,0,0
BRDA:15,0,1,0
BRDA:21,1,0,0
BRDA:21,1,1,0
BRDA:24,2,0,0
BRDA:24,2,1,0
BRDA:60,3,0,0
BRDA:60,3,1,0
BRDA:60,3,2,0
BRDA:60,3,3,0
BRDA:60,3,4,0
BRDA:62,4,0,0
BRDA:62,4,1,0
BRDA:72,5,0,0
BRDA:72,5,1,0
BRDA:76,6,0,0
BRDA:76,6,1,0
BRDA:76,7,0,0
BRDA:76,7,1,0
BRDA:83,8,0,0
BRDA:83,8,1,0
BRDA:84,9,0,0
BRDA:84,9,1,0
BRDA:93,10,0,0
BRDA:93,10,1,0
BRDA:93,11,0,0
BRDA:93,11,1,0
BRF:27
BRH:0
end_of_record
TN:
SF:app\api\rate-limit\usage\route.ts
FN:7,rateLimitUsageHandler
FNF:1
FNH:0
FNDA:0,rateLimitUsageHandler
DA:2,0
DA:3,0
DA:4,0
DA:5,0
DA:9,0
DA:10,0
DA:11,0
DA:13,0
DA:19,0
DA:22,0
LF:10
LH:0
BRDA:10,0,0,0
BRDA:10,0,1,0
BRDA:16,1,0,0
BRDA:16,1,1,0
BRF:4
BRH:0
end_of_record
TN:
SF:app\api\stripe\create-checkout\route.ts
FN:5,getBaseUrl
FN:30,POST
FN:40,(anonymous_10)
FNF:3
FNH:0
FNDA:0,getBaseUrl
FNDA:0,POST
FNDA:0,(anonymous_10)
DA:1,0
DA:2,0
DA:3,0
DA:7,0
DA:8,0
DA:9,0
DA:13,0
DA:14,0
DA:15,0
DA:16,0
DA:20,0
DA:21,0
DA:22,0
DA:23,0
DA:27,0
DA:30,0
DA:31,0
DA:32,0
DA:34,0
DA:35,0
DA:38,0
DA:40,0
DA:41,0
DA:42,0
DA:44,0
DA:45,0
DA:48,0
DA:50,0
DA:51,0
DA:52,0
DA:55,0
DA:67,0
DA:68,0
DA:71,0
DA:80,0
DA:81,0
DA:82,0
DA:83,0
DA:86,0
DA:92,0
DA:93,0
DA:94,0
DA:97,0
DA:99,0
DA:100,0
LF:45
LH:0
BRDA:8,0,0,0
BRDA:8,0,1,0
BRDA:8,1,0,0
BRDA:8,1,1,0
BRDA:14,2,0,0
BRDA:14,2,1,0
BRDA:15,3,0,0
BRDA:15,3,1,0
BRDA:21,4,0,0
BRDA:21,4,1,0
BRDA:34,5,0,0
BRDA:34,5,1,0
BRDA:41,6,0,0
BRDA:41,6,1,0
BRDA:41,7,0,0
BRDA:41,7,1,0
BRDA:45,8,0,0
BRDA:45,8,1,0
BRDA:48,9,0,0
BRDA:48,9,1,0
BRDA:48,10,0,0
BRDA:48,10,1,0
BRDA:48,11,0,0
BRDA:48,11,1,0
BRDA:48,12,0,0
BRDA:48,12,1,0
BRDA:48,13,0,0
BRDA:48,13,1,0
BRDA:51,14,0,0
BRDA:51,14,1,0
BRDA:67,15,0,0
BRDA:67,15,1,0
BRDA:80,16,0,0
BRDA:80,16,1,0
BRDA:92,17,0,0
BRDA:92,17,1,0
BRDA:92,18,0,0
BRDA:92,18,1,0
BRDA:92,19,0,0
BRDA:92,19,1,0
BRDA:92,20,0,0
BRDA:92,20,1,0
BRF:42
BRH:0
end_of_record
TN:
SF:app\api\stripe\create-portal\route.ts
FN:6,getBaseUrl
FN:31,POST
FNF:2
FNH:0
FNDA:0,getBaseUrl
FNDA:0,POST
DA:1,0
DA:2,0
DA:3,0
DA:4,0
DA:8,0
DA:9,0
DA:10,0
DA:14,0
DA:15,0
DA:16,0
DA:17,0
DA:21,0
DA:22,0
DA:23,0
DA:24,0
DA:28,0
DA:31,0
DA:32,0
DA:33,0
DA:34,0
DA:35,0
DA:38,0
DA:40,0
DA:41,0
DA:44,0
DA:46,0
DA:48,0
DA:49,0
DA:50,0
DA:53,0
DA:58,0
DA:60,0
DA:61,0
LF:33
LH:0
BRDA:9,0,0,0
BRDA:9,0,1,0
BRDA:9,1,0,0
BRDA:9,1,1,0
BRDA:15,2,0,0
BRDA:15,2,1,0
BRDA:16,3,0,0
BRDA:16,3,1,0
BRDA:22,4,0,0
BRDA:22,4,1,0
BRDA:34,5,0,0
BRDA:34,5,1,0
BRDA:40,6,0,0
BRDA:40,6,1,0
BRDA:40,7,0,0
BRDA:40,7,1,0
BRDA:49,8,0,0
BRDA:49,8,1,0
BRF:18
BRH:0
end_of_record
TN:
SF:app\api\stripe\webhook\route.ts
FN:5,POST
FN:22,(anonymous_9)
FNF:2
FNH:0
FNDA:0,POST
FNDA:0,(anonymous_9)
DA:1,0
DA:2,0
DA:3,0
DA:5,0
DA:6,0
DA:10,0
DA:11,0
DA:13,0
DA:14,0
DA:17,0
DA:18,0
DA:19,0
DA:20,0
DA:21,0
DA:22,0
DA:24,0
DA:25,0
DA:26,0
DA:42,0
DA:44,0
DA:45,0
LF:21
LH:0
BRDA:18,0,0,0
BRDA:18,0,1,0
BRDA:18,1,0,0
BRDA:18,1,1,0
BRDA:18,2,0,0
BRDA:18,2,1,0
BRDA:18,3,0,0
BRDA:18,3,1,0
BRDA:19,4,0,0
BRDA:19,4,1,0
BRDA:22,5,0,0
BRDA:22,5,1,0
BRDA:24,6,0,0
BRDA:24,6,1,0
BRDA:24,7,0,0
BRDA:24,7,1,0
BRDA:29,8,0,0
BRDA:29,8,1,0
BRDA:29,9,0,0
BRDA:29,9,1,0
BRDA:32,10,0,0
BRDA:32,10,1,0
BRDA:32,11,0,0
BRDA:32,11,1,0
BRDA:32,12,0,0
BRDA:32,12,1,0
BRDA:32,13,0,0
BRDA:32,13,1,0
BRDA:33,14,0,0
BRDA:33,14,1,0
BRDA:33,15,0,0
BRDA:33,15,1,0
BRDA:33,16,0,0
BRDA:33,16,1,0
BRDA:33,17,0,0
BRDA:33,17,1,0
BRDA:34,18,0,0
BRDA:34,18,1,0
BRDA:34,19,0,0
BRDA:34,19,1,0
BRDA:34,20,0,0
BRDA:34,20,1,0
BRDA:34,21,0,0
BRDA:34,21,1,0
BRF:44
BRH:0
end_of_record
TN:
SF:lib\encryption.ts
FN:37,(anonymous_8)
FN:44,(anonymous_9)
FN:50,(anonymous_10)
FN:70,(anonymous_11)
FN:101,(anonymous_13)
FN:131,(anonymous_15)
FN:175,(anonymous_17)
FN:226,(anonymous_19)
FN:266,(anonymous_21)
FN:292,(anonymous_22)
FN:314,(anonymous_23)
FN:319,(anonymous_24)
FN:324,(anonymous_25)
FN:332,(anonymous_26)
FN:334,(anonymous_27)
FN:340,(anonymous_28)
FN:341,(anonymous_29)
FN:347,generateRandomKey
FN:357,encryptWithKey
FN:376,decryptWithKey
FN:394,getMasterKey
FN:408,wrapUserKey
FN:419,unwrapUserKey
FNF:23
FNH:0
FNDA:0,(anonymous_8)
FNDA:0,(anonymous_9)
FNDA:0,(anonymous_10)
FNDA:0,(anonymous_11)
FNDA:0,(anonymous_13)
FNDA:0,(anonymous_15)
FNDA:0,(anonymous_17)
FNDA:0,(anonymous_19)
FNDA:0,(anonymous_21)
FNDA:0,(anonymous_22)
FNDA:0,(anonymous_23)
FNDA:0,(anonymous_24)
FNDA:0,(anonymous_25)
FNDA:0,(anonymous_26)
FNDA:0,(anonymous_27)
FNDA:0,(anonymous_28)
FNDA:0,(anonymous_29)
FNDA:0,generateRandomKey
FNDA:0,encryptWithKey
FNDA:0,decryptWithKey
FNDA:0,getMasterKey
FNDA:0,wrapUserKey
FNDA:0,unwrapUserKey
DA:1,0
DA:2,0
DA:30,0
DA:31,0
DA:32,0
DA:33,0
DA:34,0
DA:35,0
DA:38,0
DA:39,0
DA:41,0
DA:46,0
DA:51,0
DA:52,0
DA:53,0
DA:55,0
DA:56,0
DA:60,0
DA:62,0
DA:65,0
DA:71,0
DA:73,0
DA:76,0
DA:77,0
DA:79,0
DA:84,0
DA:86,0
DA:96,0
DA:102,0
DA:104,0
DA:105,0
DA:109,0
DA:111,0
DA:112,0
DA:113,0
DA:115,0
DA:116,0
DA:118,0
DA:123,0
DA:126,0
DA:132,0
DA:133,0
DA:135,0
DA:136,0
DA:140,0
DA:141,0
DA:144,0
DA:147,0
DA:161,0
DA:162,0
DA:165,0
DA:167,0
DA:170,0
DA:176,0
DA:178,0
DA:179,0
DA:180,0
DA:181,0
DA:185,0
DA:186,0
DA:188,0
DA:189,0
DA:190,0
DA:192,0
DA:193,0
DA:194,0
DA:197,0
DA:198,0
DA:203,0
DA:204,0
DA:206,0
DA:207,0
DA:208,0
DA:209,0
DA:212,0
DA:213,0
DA:217,0
DA:220,0
DA:221,0
DA:227,0
DA:230,0
DA:231,0
DA:235,0
DA:236,0
DA:240,0
DA:241,0
DA:244,0
DA:246,0
DA:258,0
DA:260,0
DA:262,0
DA:267,0
DA:268,0
DA:269,0
DA:272,0
DA:273,0
DA:275,0
DA:280,0
DA:282,0
DA:293,0
DA:294,0
DA:295,0
DA:298,0
DA:299,0
DA:300,0
DA:302,0
DA:303,0
DA:305,0
DA:310,0
DA:315,0
DA:320,0
DA:331,0
DA:332,0
DA:334,0
DA:336,0
DA:340,0
DA:341,0
DA:347,0
DA:348,0
DA:357,0
DA:358,0
DA:359,0
DA:360,0
DA:363,0
DA:364,0
DA:366,0
DA:367,0
DA:369,0
DA:376,0
DA:377,0
DA:378,0
DA:379,0
DA:382,0
DA:383,0
DA:384,0
DA:386,0
DA:387,0
DA:389,0
DA:390,0
DA:395,0
DA:396,0
DA:397,0
DA:398,0
DA:399,0
DA:401,0
DA:403,0
DA:408,0
DA:409,0
DA:410,0
DA:412,0
DA:419,0
DA:420,0
DA:421,0
DA:427,0
DA:431,0
LF:155
LH:0
BRDA:38,0,0,0
BRDA:38,0,1,0
BRDA:55,1,0,0
BRDA:55,1,1,0
BRDA:65,2,0,0
BRDA:65,2,1,0
BRDA:96,3,0,0
BRDA:96,3,1,0
BRDA:104,4,0,0
BRDA:104,4,1,0
BRDA:104,5,0,0
BRDA:104,5,1,0
BRDA:126,6,0,0
BRDA:126,6,1,0
BRDA:135,7,0,0
BRDA:135,7,1,0
BRDA:170,8,0,0
BRDA:170,8,1,0
BRDA:179,9,0,0
BRDA:179,9,1,0
BRDA:192,10,0,0
BRDA:192,10,1,0
BRDA:207,11,0,0
BRDA:207,11,1,0
BRDA:207,12,0,0
BRDA:207,12,1,0
BRDA:230,13,0,0
BRDA:230,13,1,0
BRDA:230,14,0,0
BRDA:230,14,1,0
BRDA:230,14,2,0
BRDA:235,15,0,0
BRDA:235,15,1,0
BRDA:235,16,0,0
BRDA:235,16,1,0
BRDA:235,16,2,0
BRDA:241,17,0,0
BRDA:241,17,1,0
BRDA:268,18,0,0
BRDA:268,18,1,0
BRDA:294,19,0,0
BRDA:294,19,1,0
BRDA:315,20,0,0
BRDA:315,20,1,0
BRDA:340,21,0,0
BRDA:340,21,1,0
BRDA:341,22,0,0
BRDA:341,22,1,0
BRDA:359,23,0,0
BRDA:359,23,1,0
BRDA:378,24,0,0
BRDA:378,24,1,0
BRDA:398,25,0,0
BRDA:398,25,1,0
BRDA:403,26,0,0
BRDA:403,26,1,0
BRF:56
BRH:0
end_of_record
TN:
SF:lib\plans.ts
FNF:0
FNH:0
DA:18,0
LF:1
LH:0
BRF:0
BRH:0
end_of_record
TN:
SF:lib\stripe.ts
FN:4,getStripe
FNF:1
FNH:0
FNDA:0,getStripe
DA:1,0
DA:2,0
DA:4,0
DA:5,0
DA:6,0
DA:7,0
LF:6
LH:0
BRDA:6,0,0,0
BRDA:6,0,1,0
BRF:2
BRH:0
end_of_record
TN:
SF:lib\utils.ts
FN:4,cn
FNF:1
FNH:0
FNDA:0,cn
DA:1,0
DA:2,0
DA:4,0
DA:5,0
LF:4
LH:0
BRF:0
BRH:0
end_of_record
TN:
SF:lib\api\handler-wrapper.ts
FN:45,createApiHandler
FN:50,(anonymous_8)
FN:50,(anonymous_9)
FN:66,(anonymous_10)
FN:100,(anonymous_11)
FN:223,createPaginatedHandler
FN:233,(anonymous_13)
FN:233,(anonymous_14)
FN:259,createStreamingHandler
FN:264,(anonymous_16)
FN:264,(anonymous_17)
FN:283,createHealthCheckHandler
FN:292,(anonymous_19)
FN:292,(anonymous_20)
FN:311,extractPaginationParams
FN:319,extractSortParams
FN:327,extractFilterParams
FNF:17
FNH:0
FNDA:0,createApiHandler
FNDA:0,(anonymous_8)
FNDA:0,(anonymous_9)
FNDA:0,(anonymous_10)
FNDA:0,(anonymous_11)
FNDA:0,createPaginatedHandler
FNDA:0,(anonymous_13)
FNDA:0,(anonymous_14)
FNDA:0,createStreamingHandler
FNDA:0,(anonymous_16)
FNDA:0,(anonymous_17)
FNDA:0,createHealthCheckHandler
FNDA:0,(anonymous_19)
FNDA:0,(anonymous_20)
FNDA:0,extractPaginationParams
FNDA:0,extractSortParams
FNDA:0,extractFilterParams
DA:1,0
DA:2,0
DA:3,0
DA:4,0
DA:5,0
DA:6,0
DA:7,0
DA:8,0
DA:9,0
DA:45,0
DA:50,0
DA:51,0
DA:52,0
DA:54,0
DA:56,0
DA:57,0
DA:60,0
DA:61,0
DA:67,0
DA:76,0
DA:77,0
DA:80,0
DA:81,0
DA:82,0
DA:83,0
DA:85,0
DA:86,0
DA:94,0
DA:95,0
DA:96,0
DA:97,0
DA:99,0
DA:100,0
DA:106,0
DA:109,0
DA:121,0
DA:131,0
DA:134,0
DA:135,0
DA:139,0
DA:146,0
DA:168,0
DA:169,0
DA:177,0
DA:186,0
DA:187,0
DA:198,0
DA:208,0
DA:223,0
DA:233,0
DA:234,0
DA:236,0
DA:237,0
DA:238,0
DA:240,0
DA:259,0
DA:264,0
DA:265,0
DA:269,0
DA:283,0
DA:292,0
DA:293,0
DA:295,0
DA:298,0
DA:311,0
DA:312,0
DA:313,0
DA:314,0
DA:316,0
DA:319,0
DA:320,0
DA:321,0
DA:322,0
DA:324,0
DA:327,0
DA:328,0
DA:329,0
DA:331,0
DA:332,0
DA:333,0
DA:337,0
LF:81
LH:0
BRDA:47,0,0,0
BRDA:60,1,0,0
BRDA:60,1,1,0
BRDA:77,2,0,0
BRDA:77,2,1,0
BRDA:80,3,0,0
BRDA:80,3,1,0
BRDA:80,4,0,0
BRDA:80,4,1,0
BRDA:85,5,0,0
BRDA:85,5,1,0
BRDA:94,6,0,0
BRDA:94,6,1,0
BRDA:94,7,0,0
BRDA:94,7,1,0
BRDA:99,8,0,0
BRDA:99,8,1,0
BRDA:100,9,0,0
BRDA:100,9,1,0
BRDA:100,10,0,0
BRDA:100,10,1,0
BRDA:100,11,0,0
BRDA:100,11,1,0
BRDA:101,12,0,0
BRDA:101,12,1,0
BRDA:101,13,0,0
BRDA:101,13,1,0
BRDA:101,14,0,0
BRDA:101,14,1,0
BRDA:126,15,0,0
BRDA:126,15,1,0
BRDA:134,16,0,0
BRDA:134,16,1,0
BRDA:148,17,0,0
BRDA:148,17,1,0
BRDA:151,18,0,0
BRDA:151,18,1,0
BRDA:154,19,0,0
BRDA:154,19,1,0
BRDA:154,20,0,0
BRDA:154,20,1,0
BRDA:158,21,0,0
BRDA:158,21,1,0
BRDA:168,22,0,0
BRDA:168,22,1,0
BRDA:168,23,0,0
BRDA:168,23,1,0
BRDA:168,24,0,0
BRDA:168,24,1,0
BRDA:168,25,0,0
BRDA:168,25,1,0
BRDA:186,26,0,0
BRDA:186,26,1,0
BRDA:230,27,0,0
BRDA:261,28,0,0
BRDA:289,29,0,0
BRDA:295,30,0,0
BRDA:295,30,1,0
BRDA:296,31,0,0
BRDA:296,31,1,0
BRDA:313,32,0,0
BRDA:313,32,1,0
BRDA:314,33,0,0
BRDA:314,33,1,0
BRDA:321,34,0,0
BRDA:321,34,1,0
BRDA:322,35,0,0
BRDA:322,35,1,0
BRDA:332,36,0,0
BRDA:332,36,1,0
BRF:70
BRH:0
end_of_record
TN:
SF:lib\api\openapi-generator.ts
FN:84,(anonymous_0)
FN:91,(anonymous_1)
FN:98,(anonymous_2)
FN:105,(anonymous_3)
FN:156,(anonymous_4)
FN:160,(anonymous_5)
FN:174,(anonymous_6)
FN:190,(anonymous_7)
FN:204,(anonymous_8)
FN:224,(anonymous_9)
FN:262,(anonymous_10)
FN:296,(anonymous_11)
FN:384,(anonymous_12)
FN:441,(anonymous_13)
FN:461,(anonymous_14)
FN:493,(anonymous_15)
FN:555,(anonymous_16)
FNF:17
FNH:0
FNDA:0,(anonymous_0)
FNDA:0,(anonymous_1)
FNDA:0,(anonymous_2)
FNDA:0,(anonymous_3)
FNDA:0,(anonymous_4)
FNDA:0,(anonymous_5)
FNDA:0,(anonymous_6)
FNDA:0,(anonymous_7)
FNDA:0,(anonymous_8)
FNDA:0,(anonymous_9)
FNDA:0,(anonymous_10)
FNDA:0,(anonymous_11)
FNDA:0,(anonymous_12)
FNDA:0,(anonymous_13)
FNDA:0,(anonymous_14)
FNDA:0,(anonymous_15)
FNDA:0,(anonymous_16)
DA:2,0
DA:3,0
DA:80,0
DA:81,0
DA:82,0
DA:85,0
DA:92,0
DA:99,0
DA:106,0
DA:108,0
DA:150,0
DA:157,0
DA:160,0
DA:161,0
DA:162,0
DA:165,0
DA:166,0
DA:167,0
DA:170,0
DA:174,0
DA:181,0
DA:184,0
DA:191,0
DA:205,0
DA:207,0
DA:208,0
DA:214,0
DA:225,0
DA:227,0
DA:228,0
DA:230,0
DA:231,0
DA:232,0
DA:239,0
DA:240,0
DA:241,0
DA:242,0
DA:249,0
DA:256,0
DA:263,0
DA:264,0
DA:267,0
DA:269,0
DA:270,0
DA:271,0
DA:272,0
DA:273,0
DA:274,0
DA:275,0
DA:276,0
DA:277,0
DA:279,0
DA:280,0
DA:281,0
DA:282,0
DA:286,0
DA:287,0
DA:290,0
DA:298,0
DA:313,0
DA:329,0
DA:344,0
DA:358,0
DA:369,0
DA:385,0
DA:442,0
DA:462,0
DA:494,0
DA:556,0
DA:582,0
LF:70
LH:0
BRDA:105,0,0,0
BRDA:125,1,0,0
BRDA:125,1,1,0
BRDA:161,2,0,0
BRDA:161,2,1,0
BRDA:166,3,0,0
BRDA:166,3,1,0
BRDA:174,4,0,0
BRDA:174,4,1,0
BRDA:174,5,0,0
BRDA:174,5,1,0
BRDA:175,6,0,0
BRDA:175,6,1,0
BRDA:230,7,0,0
BRDA:230,7,1,0
BRDA:240,8,0,0
BRDA:240,8,1,0
BRDA:251,9,0,0
BRDA:251,9,1,0
BRDA:252,10,0,0
BRDA:252,10,1,0
BRDA:263,11,0,0
BRDA:263,11,1,0
BRDA:269,12,0,0
BRDA:269,12,1,0
BRDA:270,13,0,0
BRDA:270,13,1,0
BRDA:271,14,0,0
BRDA:271,14,1,0
BRDA:272,15,0,0
BRDA:272,15,1,0
BRDA:273,16,0,0
BRDA:273,16,1,0
BRDA:274,17,0,0
BRDA:274,17,1,0
BRDA:275,18,0,0
BRDA:275,18,1,0
BRDA:276,19,0,0
BRDA:276,19,1,0
BRDA:277,20,0,0
BRDA:277,20,1,0
BRDA:279,21,0,0
BRDA:279,21,1,0
BRDA:286,22,0,0
BRDA:286,22,1,0
BRDA:286,23,0,0
BRDA:286,23,1,0
BRF:47
BRH:0
end_of_record
TN:
SF:lib\api\response-formatter.ts
FN:55,(anonymous_0)
FN:81,(anonymous_1)
FN:108,(anonymous_2)
FN:141,(anonymous_3)
FN:161,(anonymous_4)
FN:181,(anonymous_5)
FN:213,(anonymous_6)
FN:217,(anonymous_7)
FN:238,(anonymous_8)
FN:249,(anonymous_9)
FN:260,(anonymous_10)
FN:271,(anonymous_11)
FN:293,(anonymous_12)
FN:304,(anonymous_13)
FN:319,getCorrelationId
FN:331,(anonymous_15)
FN:335,(anonymous_16)
FN:339,(anonymous_17)
FN:343,(anonymous_18)
FNF:19
FNH:0
FNDA:0,(anonymous_0)
FNDA:0,(anonymous_1)
FNDA:0,(anonymous_2)
FNDA:0,(anonymous_3)
FNDA:0,(anonymous_4)
FNDA:0,(anonymous_5)
FNDA:0,(anonymous_6)
FNDA:0,(anonymous_7)
FNDA:0,(anonymous_8)
FNDA:0,(anonymous_9)
FNDA:0,(anonymous_10)
FNDA:0,(anonymous_11)
FNDA:0,(anonymous_12)
FNDA:0,(anonymous_13)
FNDA:0,getCorrelationId
FNDA:0,(anonymous_15)
FNDA:0,(anonymous_16)
FNDA:0,(anonymous_17)
FNDA:0,(anonymous_18)
DA:1,0
DA:2,0
DA:55,0
DA:57,0
DA:58,0
DA:59,0
DA:60,0
DA:61,0
DA:62,0
DA:63,0
DA:64,0
DA:67,0
DA:68,0
DA:69,0
DA:70,0
DA:71,0
DA:72,0
DA:75,0
DA:76,0
DA:87,0
DA:96,0
DA:116,0
DA:129,0
DA:147,0
DA:167,0
DA:187,0
DA:198,0
DA:199,0
DA:200,0
DA:201,0
DA:204,0
DA:217,0
DA:218,0
DA:222,0
DA:225,0
DA:239,0
DA:250,0
DA:261,0
DA:272,0
DA:281,0
DA:282,0
DA:283,0
DA:284,0
DA:290,0
DA:294,0
DA:305,0
DA:319,0
DA:320,0
DA:326,0
DA:328,0
DA:329,0
DA:332,0
DA:336,0
DA:340,0
DA:344,0
LF:55
LH:0
BRDA:55,0,0,0
BRDA:55,0,1,0
BRDA:84,1,0,0
BRDA:92,2,0,0
BRDA:92,2,1,0
BRDA:121,3,0,0
BRDA:121,3,1,0
BRDA:125,4,0,0
BRDA:125,4,1,0
BRDA:200,5,0,0
BRDA:200,5,1,0
BRDA:220,6,0,0
BRDA:220,6,1,0
BRDA:238,7,0,0
BRDA:249,8,0,0
BRDA:260,9,0,0
BRDA:276,10,0,0
BRDA:276,10,1,0
BRDA:281,11,0,0
BRDA:281,11,1,0
BRDA:293,12,0,0
BRDA:304,13,0,0
BRDA:320,14,0,0
BRDA:320,14,1,0
BRDA:346,15,0,0
BRDA:346,15,1,0
BRF:26
BRH:0
end_of_record
TN:
SF:lib\api\route-decorator.ts
FN:49,(anonymous_0)
FN:55,(anonymous_1)
FN:77,(anonymous_2)
FN:102,(anonymous_3)
FN:123,(anonymous_4)
FN:161,(anonymous_5)
FN:172,(anonymous_6)
FN:174,(anonymous_7)
FN:175,(anonymous_8)
FN:185,ApiDoc
FN:186,(anonymous_10)
FN:202,ApiParam
FN:203,(anonymous_12)
FN:216,ApiBody
FN:217,(anonymous_14)
FN:230,ApiResponse
FN:231,(anonymous_16)
FN:246,extractPathFromContext
FN:274,(anonymous_18)
FN:283,(anonymous_19)
FN:288,(anonymous_20)
FN:293,(anonymous_21)
FN:298,(anonymous_22)
FN:303,(anonymous_23)
FN:308,(anonymous_24)
FN:327,(anonymous_25)
FN:342,(anonymous_26)
FN:373,(anonymous_27)
FN:383,documentRoute
FNF:29
FNH:0
FNDA:0,(anonymous_0)
FNDA:0,(anonymous_1)
FNDA:0,(anonymous_2)
FNDA:0,(anonymous_3)
FNDA:0,(anonymous_4)
FNDA:0,(anonymous_5)
FNDA:0,(anonymous_6)
FNDA:0,(anonymous_7)
FNDA:0,(anonymous_8)
FNDA:0,ApiDoc
FNDA:0,(anonymous_10)
FNDA:0,ApiParam
FNDA:0,(anonymous_12)
FNDA:0,ApiBody
FNDA:0,(anonymous_14)
FNDA:0,ApiResponse
FNDA:0,(anonymous_16)
FNDA:0,extractPathFromContext
FNDA:0,(anonymous_18)
FNDA:0,(anonymous_19)
FNDA:0,(anonymous_20)
FNDA:0,(anonymous_21)
FNDA:0,(anonymous_22)
FNDA:0,(anonymous_23)
FNDA:0,(anonymous_24)
FNDA:0,(anonymous_25)
FNDA:0,(anonymous_26)
FNDA:0,(anonymous_27)
FNDA:0,documentRoute
DA:1,0
DA:50,0
DA:56,0
DA:58,0
DA:71,0
DA:78,0
DA:79,0
DA:81,0
DA:82,0
DA:84,0
DA:103,0
DA:104,0
DA:106,0
DA:107,0
DA:124,0
DA:125,0
DA:127,0
DA:128,0
DA:130,0
DA:135,0
DA:136,0
DA:144,0
DA:145,0
DA:146,0
DA:147,0
DA:154,0
DA:162,0
DA:163,0
DA:164,0
DA:173,0
DA:174,0
DA:175,0
DA:180,0
DA:185,0
DA:186,0
DA:190,0
DA:191,0
DA:193,0
DA:195,0
DA:202,0
DA:203,0
DA:204,0
DA:205,0
DA:207,0
DA:209,0
DA:216,0
DA:217,0
DA:218,0
DA:219,0
DA:221,0
DA:223,0
DA:230,0
DA:231,0
DA:232,0
DA:233,0
DA:235,0
DA:237,0
DA:248,0
DA:249,0
DA:251,0
DA:252,0
DA:253,0
DA:254,0
DA:255,0
DA:256,0
DA:258,0
DA:259,0
DA:260,0
DA:265,0
DA:271,0
DA:275,0
DA:284,0
DA:285,0
DA:289,0
DA:290,0
DA:294,0
DA:295,0
DA:299,0
DA:300,0
DA:304,0
DA:305,0
DA:309,0
DA:311,0
DA:324,0
DA:328,0
DA:339,0
DA:343,0
DA:345,0
DA:350,0
DA:351,0
DA:359,0
DA:360,0
DA:361,0
DA:362,0
DA:369,0
DA:370,0
DA:374,0
DA:375,0
DA:383,0
DA:384,0
DA:390,0
LF:101
LH:0
BRDA:81,0,0,0
BRDA:81,0,1,0
BRDA:82,1,0,0
BRDA:82,1,1,0
BRDA:90,2,0,0
BRDA:90,2,1,0
BRDA:106,3,0,0
BRDA:106,3,1,0
BRDA:111,4,0,0
BRDA:111,4,1,0
BRDA:112,5,0,0
BRDA:112,5,1,0
BRDA:127,6,0,0
BRDA:127,6,1,0
BRDA:128,7,0,0
BRDA:128,7,1,0
BRDA:135,8,0,0
BRDA:135,8,1,0
BRDA:135,9,0,0
BRDA:135,9,1,0
BRDA:137,10,0,0
BRDA:137,10,1,0
BRDA:138,11,0,0
BRDA:138,11,1,0
BRDA:144,12,0,0
BRDA:144,12,1,0
BRDA:149,13,0,0
BRDA:149,13,1,0
BRDA:163,14,0,0
BRDA:163,14,1,0
BRDA:163,15,0,0
BRDA:163,15,1,0
BRDA:163,15,2,0
BRDA:163,15,3,0
BRDA:174,16,0,0
BRDA:174,16,1,0
BRDA:174,16,2,0
BRDA:174,16,3,0
BRDA:249,17,0,0
BRDA:249,17,1,0
BRDA:253,18,0,0
BRDA:253,18,1,0
BRDA:255,19,0,0
BRDA:255,19,1,0
BRDA:298,20,0,0
BRDA:309,21,0,0
BRDA:309,21,1,0
BRDA:317,22,0,0
BRDA:317,22,1,0
BRDA:332,23,0,0
BRDA:332,23,1,0
BRDA:333,24,0,0
BRDA:333,24,1,0
BRDA:343,25,0,0
BRDA:343,25,1,0
BRDA:350,26,0,0
BRDA:350,26,1,0
BRDA:350,27,0,0
BRDA:350,27,1,0
BRDA:352,28,0,0
BRDA:352,28,1,0
BRDA:353,29,0,0
BRDA:353,29,1,0
BRDA:359,30,0,0
BRDA:359,30,1,0
BRDA:364,31,0,0
BRDA:364,31,1,0
BRDA:374,32,0,0
BRDA:374,32,1,0
BRDA:374,33,0,0
BRDA:374,33,1,0
BRDA:374,33,2,0
BRDA:374,33,3,0
BRF:73
BRH:0
end_of_record
TN:
SF:lib\api\validation-middleware.ts
FN:44,(anonymous_7)
FN:52,(anonymous_8)
FN:63,(anonymous_9)
FN:132,(anonymous_10)
FN:188,(anonymous_11)
FN:220,(anonymous_12)
FN:278,(anonymous_13)
FN:362,(anonymous_14)
FN:383,(anonymous_15)
FN:401,(anonymous_16)
FN:430,(anonymous_17)
FN:438,(anonymous_18)
FN:449,withApiValidation
FN:452,(anonymous_20)
FN:455,(anonymous_21)
FN:455,(anonymous_22)
FN:473,(anonymous_23)
FNF:17
FNH:0
FNDA:0,(anonymous_7)
FNDA:0,(anonymous_8)
FNDA:0,(anonymous_9)
FNDA:0,(anonymous_10)
FNDA:0,(anonymous_11)
FNDA:0,(anonymous_12)
FNDA:0,(anonymous_13)
FNDA:0,(anonymous_14)
FNDA:0,(anonymous_15)
FNDA:0,(anonymous_16)
FNDA:0,(anonymous_17)
FNDA:0,(anonymous_18)
FNDA:0,withApiValidation
FNDA:0,(anonymous_20)
FNDA:0,(anonymous_21)
FNDA:0,(anonymous_22)
FNDA:0,(anonymous_23)
DA:1,0
DA:3,0
DA:5,0
DA:6,0
DA:40,0
DA:42,0
DA:45,0
DA:46,0
DA:53,0
DA:54,0
DA:55,0
DA:64,0
DA:65,0
DA:67,0
DA:69,0
DA:70,0
DA:71,0
DA:76,0
DA:80,0
DA:81,0
DA:82,0
DA:83,0
DA:84,0
DA:85,0
DA:90,0
DA:93,0
DA:101,0
DA:102,0
DA:103,0
DA:104,0
DA:105,0
DA:116,0
DA:122,0
DA:138,0
DA:139,0
DA:141,0
DA:143,0
DA:144,0
DA:145,0
DA:150,0
DA:154,0
DA:157,0
DA:158,0
DA:163,0
DA:167,0
DA:168,0
DA:169,0
DA:170,0
DA:171,0
DA:173,0
DA:174,0
DA:185,0
DA:186,0
DA:187,0
DA:188,0
DA:189,0
DA:192,0
DA:193,0
DA:204,0
DA:210,0
DA:221,0
DA:222,0
DA:224,0
DA:227,0
DA:229,0
DA:230,0
DA:232,0
DA:233,0
DA:237,0
DA:243,0
DA:247,0
DA:248,0
DA:254,0
DA:258,0
DA:259,0
DA:264,0
DA:265,0
DA:268,0
DA:283,0
DA:284,0
DA:286,0
DA:288,0
DA:289,0
DA:290,0
DA:291,0
DA:292,0
DA:294,0
DA:300,0
DA:304,0
DA:307,0
DA:308,0
DA:309,0
DA:310,0
DA:321,0
DA:322,0
DA:332,0
DA:333,0
DA:334,0
DA:335,0
DA:345,0
DA:352,0
DA:363,0
DA:365,0
DA:368,0
DA:370,0
DA:372,0
DA:374,0
DA:376,0
DA:384,0
DA:386,0
DA:388,0
DA:390,0
DA:392,0
DA:394,0
DA:403,0
DA:406,0
DA:407,0
DA:408,0
DA:409,0
DA:410,0
DA:415,0
DA:416,0
DA:417,0
DA:418,0
DA:419,0
DA:424,0
DA:432,0
DA:440,0
DA:441,0
DA:442,0
DA:449,0
DA:450,0
DA:452,0
DA:455,0
DA:456,0
DA:457,0
DA:458,0
DA:461,0
DA:462,0
DA:464,0
DA:465,0
DA:472,0
DA:473,0
DA:482,0
DA:483,0
DA:493,0
DA:496,0
DA:497,0
DA:504,0
DA:505,0
DA:514,0
DA:515,0
DA:524,0
DA:530,0
LF:154
LH:0
BRDA:45,0,0,0
BRDA:45,0,1,0
BRDA:53,1,0,0
BRDA:53,1,1,0
BRDA:53,2,0,0
BRDA:53,2,1,0
BRDA:53,3,0,0
BRDA:53,3,1,0
BRDA:70,4,0,0
BRDA:70,4,1,0
BRDA:80,5,0,0
BRDA:80,5,1,0
BRDA:90,6,0,0
BRDA:90,6,1,0
BRDA:90,7,0,0
BRDA:90,7,1,0
BRDA:102,8,0,0
BRDA:102,8,1,0
BRDA:102,9,0,0
BRDA:102,9,1,0
BRDA:104,10,0,0
BRDA:104,10,1,0
BRDA:104,11,0,0
BRDA:104,11,1,0
BRDA:118,12,0,0
BRDA:118,12,1,0
BRDA:144,13,0,0
BRDA:144,13,1,0
BRDA:154,14,0,0
BRDA:154,14,1,0
BRDA:154,15,0,0
BRDA:154,15,1,0
BRDA:154,16,0,0
BRDA:154,16,1,0
BRDA:155,17,0,0
BRDA:155,17,1,0
BRDA:155,18,0,0
BRDA:155,18,1,0
BRDA:157,19,0,0
BRDA:157,19,1,0
BRDA:168,20,0,0
BRDA:168,20,1,0
BRDA:173,21,0,0
BRDA:173,21,1,0
BRDA:173,22,0,0
BRDA:173,22,1,0
BRDA:186,23,0,0
BRDA:186,23,1,0
BRDA:186,24,0,0
BRDA:186,24,1,0
BRDA:189,25,0,0
BRDA:189,25,1,0
BRDA:192,26,0,0
BRDA:192,26,1,0
BRDA:206,27,0,0
BRDA:206,27,1,0
BRDA:227,28,0,0
BRDA:227,28,1,0
BRDA:227,28,2,0
BRDA:247,29,0,0
BRDA:247,29,1,0
BRDA:247,30,0,0
BRDA:247,30,1,0
BRDA:247,30,2,0
BRDA:258,31,0,0
BRDA:258,31,1,0
BRDA:258,32,0,0
BRDA:258,32,1,0
BRDA:288,33,0,0
BRDA:288,33,1,0
BRDA:291,34,0,0
BRDA:291,34,1,0
BRDA:307,35,0,0
BRDA:307,35,1,0
BRDA:309,36,0,0
BRDA:309,36,1,0
BRDA:321,37,0,0
BRDA:321,37,1,0
BRDA:321,38,0,0
BRDA:321,38,1,0
BRDA:332,39,0,0
BRDA:332,39,1,0
BRDA:334,40,0,0
BRDA:334,40,1,0
BRDA:348,41,0,0
BRDA:348,41,1,0
BRDA:363,42,0,0
BRDA:363,42,1,0
BRDA:363,42,2,0
BRDA:363,42,3,0
BRDA:363,42,4,0
BRDA:363,42,5,0
BRDA:363,42,6,0
BRDA:370,43,0,0
BRDA:370,43,1,0
BRDA:370,43,2,0
BRDA:374,44,0,0
BRDA:374,44,1,0
BRDA:374,44,2,0
BRDA:384,45,0,0
BRDA:384,45,1,0
BRDA:384,45,2,0
BRDA:384,45,3,0
BRDA:384,45,4,0
BRDA:388,46,0,0
BRDA:388,46,1,0
BRDA:406,47,0,0
BRDA:406,47,1,0
BRDA:406,48,0,0
BRDA:406,48,1,0
BRDA:407,49,0,0
BRDA:407,49,1,0
BRDA:409,50,0,0
BRDA:409,50,1,0
BRDA:409,51,0,0
BRDA:409,51,1,0
BRDA:415,52,0,0
BRDA:415,52,1,0
BRDA:416,53,0,0
BRDA:416,53,1,0
BRDA:417,54,0,0
BRDA:417,54,1,0
BRDA:417,55,0,0
BRDA:417,55,1,0
BRDA:418,56,0,0
BRDA:418,56,1,0
BRDA:418,57,0,0
BRDA:418,57,1,0
BRDA:449,58,0,0
BRDA:461,59,0,0
BRDA:461,59,1,0
BRDA:464,60,0,0
BRDA:464,60,1,0
BRDA:464,61,0,0
BRDA:464,61,1,0
BRDA:466,62,0,0
BRDA:466,62,1,0
BRDA:474,63,0,0
BRDA:474,63,1,0
BRDA:482,64,0,0
BRDA:482,64,1,0
BRDA:484,65,0,0
BRDA:484,65,1,0
BRDA:496,66,0,0
BRDA:496,66,1,0
BRDA:496,67,0,0
BRDA:496,67,1,0
BRDA:504,68,0,0
BRDA:504,68,1,0
BRDA:504,69,0,0
BRDA:504,69,1,0
BRDA:506,70,0,0
BRDA:506,70,1,0
BRDA:514,71,0,0
BRDA:514,71,1,0
BRDA:516,72,0,0
BRDA:516,72,1,0
BRF:157
BRH:0
end_of_record
TN:
SF:lib\api\versioning.ts
FN:31,(anonymous_8)
FN:74,(anonymous_9)
FN:79,(anonymous_10)
FN:115,(anonymous_11)
FN:122,(anonymous_12)
FN:130,(anonymous_13)
FN:143,(anonymous_14)
FN:150,(anonymous_15)
FN:167,(anonymous_16)
FN:180,(anonymous_17)
FN:201,(anonymous_18)
FN:218,withApiVersioning
FN:221,(anonymous_20)
FN:221,(anonymous_21)
FN:258,(anonymous_22)
FN:270,(anonymous_23)
FN:272,(anonymous_24)
FN:273,(anonymous_25)
FNF:18
FNH:0
FNDA:0,(anonymous_8)
FNDA:0,(anonymous_9)
FNDA:0,(anonymous_10)
FNDA:0,(anonymous_11)
FNDA:0,(anonymous_12)
FNDA:0,(anonymous_13)
FNDA:0,(anonymous_14)
FNDA:0,(anonymous_15)
FNDA:0,(anonymous_16)
FNDA:0,(anonymous_17)
FNDA:0,(anonymous_18)
FNDA:0,withApiVersioning
FNDA:0,(anonymous_20)
FNDA:0,(anonymous_21)
FNDA:0,(anonymous_22)
FNDA:0,(anonymous_23)
FNDA:0,(anonymous_24)
FNDA:0,(anonymous_25)
DA:1,0
DA:22,0
DA:23,0
DA:24,0
DA:33,0
DA:34,0
DA:35,0
DA:36,0
DA:37,0
DA:46,0
DA:47,0
DA:48,0
DA:49,0
DA:57,0
DA:58,0
DA:59,0
DA:60,0
DA:68,0
DA:75,0
DA:76,0
DA:79,0
DA:80,0
DA:83,0
DA:84,0
DA:92,0
DA:97,0
DA:99,0
DA:100,0
DA:101,0
DA:104,0
DA:116,0
DA:123,0
DA:131,0
DA:132,0
DA:134,0
DA:135,0
DA:137,0
DA:144,0
DA:151,0
DA:152,0
DA:163,0
DA:169,0
DA:170,0
DA:174,0
DA:185,0
DA:191,0
DA:192,0
DA:195,0
DA:203,0
DA:205,0
DA:206,0
DA:207,0
DA:211,0
DA:218,0
DA:221,0
DA:222,0
DA:223,0
DA:225,0
DA:226,0
DA:230,0
DA:240,0
DA:247,0
DA:248,0
DA:259,0
DA:260,0
DA:261,0
DA:264,0
DA:271,0
DA:272,0
DA:273,0
LF:70
LH:0
BRDA:34,0,0,0
BRDA:34,0,1,0
BRDA:36,1,0,0
BRDA:36,1,1,0
BRDA:38,2,0,0
BRDA:38,2,1,0
BRDA:39,3,0,0
BRDA:39,3,1,0
BRDA:40,4,0,0
BRDA:40,4,1,0
BRDA:47,5,0,0
BRDA:47,5,1,0
BRDA:50,6,0,0
BRDA:50,6,1,0
BRDA:51,7,0,0
BRDA:51,7,1,0
BRDA:52,8,0,0
BRDA:52,8,1,0
BRDA:58,9,0,0
BRDA:58,9,1,0
BRDA:61,10,0,0
BRDA:61,10,1,0
BRDA:62,11,0,0
BRDA:62,11,1,0
BRDA:63,12,0,0
BRDA:63,12,1,0
BRDA:83,13,0,0
BRDA:83,13,1,0
BRDA:97,14,0,0
BRDA:97,14,1,0
BRDA:131,15,0,0
BRDA:131,15,1,0
BRDA:134,16,0,0
BRDA:134,16,1,0
BRDA:153,17,0,0
BRDA:153,17,1,0
BRDA:154,18,0,0
BRDA:154,18,1,0
BRDA:155,19,0,0
BRDA:155,19,1,0
BRDA:169,20,0,0
BRDA:169,20,1,0
BRDA:191,21,0,0
BRDA:191,21,1,0
BRDA:203,22,0,0
BRDA:203,22,1,0
BRDA:203,23,0,0
BRDA:203,23,1,0
BRDA:205,24,0,0
BRDA:205,24,1,0
BRDA:205,25,0,0
BRDA:205,25,1,0
BRDA:225,26,0,0
BRDA:225,26,1,0
BRDA:235,27,0,0
BRDA:235,27,1,0
BRDA:260,28,0,0
BRDA:260,28,1,0
BRF:58
BRH:0
end_of_record
TN:
SF:lib\auth\enhanced-auth.ts
FN:53,(anonymous_8)
FN:63,(anonymous_9)
FN:71,(anonymous_10)
FN:138,(anonymous_12)
FN:194,(anonymous_14)
FN:236,(anonymous_16)
FN:256,(anonymous_18)
FN:268,(anonymous_20)
FN:273,(anonymous_21)
FN:281,(anonymous_22)
FN:294,(anonymous_23)
FN:296,(anonymous_24)
FN:302,(anonymous_25)
FN:309,(anonymous_26)
FN:315,(anonymous_27)
FN:322,(anonymous_28)
FN:346,validateSessionWithAudit
FNF:17
FNH:0
FNDA:0,(anonymous_8)
FNDA:0,(anonymous_9)
FNDA:0,(anonymous_10)
FNDA:0,(anonymous_12)
FNDA:0,(anonymous_14)
FNDA:0,(anonymous_16)
FNDA:0,(anonymous_18)
FNDA:0,(anonymous_20)
FNDA:0,(anonymous_21)
FNDA:0,(anonymous_22)
FNDA:0,(anonymous_23)
FNDA:0,(anonymous_24)
FNDA:0,(anonymous_25)
FNDA:0,(anonymous_26)
FNDA:0,(anonymous_27)
FNDA:0,(anonymous_28)
FNDA:0,validateSessionWithAudit
DA:1,0
DA:3,0
DA:53,0
DA:54,0
DA:55,0
DA:56,0
DA:64,0
DA:65,0
DA:67,0
DA:72,0
DA:74,0
DA:76,0
DA:79,0
DA:80,0
DA:81,0
DA:91,0
DA:94,0
DA:96,0
DA:112,0
DA:127,0
DA:139,0
DA:141,0
DA:143,0
DA:146,0
DA:147,0
DA:149,0
DA:152,0
DA:166,0
DA:174,0
DA:189,0
DA:195,0
DA:196,0
DA:198,0
DA:200,0
DA:203,0
DA:206,0
DA:216,0
DA:231,0
DA:238,0
DA:246,0
DA:259,0
DA:269,0
DA:274,0
DA:275,0
DA:276,0
DA:282,0
DA:285,0
DA:288,0
DA:289,0
DA:295,0
DA:296,0
DA:298,0
DA:309,0
DA:314,0
DA:315,0
DA:318,0
DA:323,0
DA:324,0
DA:326,0
DA:327,0
DA:328,0
DA:330,0
DA:343,0
DA:346,0
DA:351,0
DA:353,0
DA:355,0
DA:364,0
LF:68
LH:0
BRDA:64,0,0,0
BRDA:64,0,1,0
BRDA:80,1,0,0
BRDA:80,1,1,0
BRDA:99,2,0,0
BRDA:99,2,1,0
BRDA:100,3,0,0
BRDA:100,3,1,0
BRDA:101,4,0,0
BRDA:101,4,1,0
BRDA:124,5,0,0
BRDA:124,5,1,0
BRDA:186,6,0,0
BRDA:186,6,1,0
BRDA:189,7,0,0
BRDA:189,7,1,0
BRDA:198,8,0,0
BRDA:198,8,1,0
BRDA:228,9,0,0
BRDA:228,9,1,0
BRDA:275,10,0,0
BRDA:275,10,1,0
BRDA:288,11,0,0
BRDA:288,11,1,0
BRDA:295,12,0,0
BRDA:295,12,1,0
BRDA:314,13,0,0
BRDA:314,13,1,0
BRDA:327,14,0,0
BRDA:327,14,1,0
BRDA:353,15,0,0
BRDA:353,15,1,0
BRDA:353,16,0,0
BRDA:353,16,1,0
BRF:34
BRH:0
end_of_record
TN:
SF:lib\auth\index.ts
FN:3,(anonymous_0)
FN:4,(anonymous_1)
FN:5,(anonymous_2)
FN:15,(anonymous_3)
FN:16,(anonymous_4)
FN:21,(anonymous_5)
FN:22,(anonymous_6)
FN:23,(anonymous_7)
FN:24,(anonymous_8)
FNF:9
FNH:0
FNDA:0,(anonymous_0)
FNDA:0,(anonymous_1)
FNDA:0,(anonymous_2)
FNDA:0,(anonymous_3)
FNDA:0,(anonymous_4)
FNDA:0,(anonymous_5)
FNDA:0,(anonymous_6)
FNDA:0,(anonymous_7)
FNDA:0,(anonymous_8)
DA:2,0
DA:3,0
DA:4,0
DA:5,0
DA:14,0
DA:15,0
DA:16,0
DA:20,0
DA:21,0
DA:22,0
DA:23,0
DA:24,0
LF:12
LH:0
BRF:0
BRH:0
end_of_record
TN:
SF:lib\auth\session-cleanup.ts
FN:4,(anonymous_0)
FN:9,(anonymous_1)
FN:17,(anonymous_2)
FN:32,(anonymous_3)
FN:38,(anonymous_4)
FN:48,(anonymous_5)
FN:65,(anonymous_6)
FNF:7
FNH:0
FNDA:0,(anonymous_0)
FNDA:0,(anonymous_1)
FNDA:0,(anonymous_2)
FNDA:0,(anonymous_3)
FNDA:0,(anonymous_4)
FNDA:0,(anonymous_5)
FNDA:0,(anonymous_6)
DA:1,0
DA:4,0
DA:5,0
DA:6,0
DA:7,0
DA:10,0
DA:11,0
DA:13,0
DA:18,0
DA:19,0
DA:20,0
DA:23,0
DA:24,0
DA:26,0
DA:29,0
DA:32,0
DA:33,0
DA:39,0
DA:40,0
DA:41,0
DA:43,0
DA:44,0
DA:49,0
DA:50,0
DA:51,0
DA:52,0
DA:53,0
DA:55,0
DA:56,0
DA:60,0
DA:70,0
DA:79,0
DA:82,0
DA:83,0
LF:34
LH:0
BRDA:10,0,0,0
BRDA:10,0,1,0
BRDA:17,1,0,0
BRDA:18,2,0,0
BRDA:18,2,1,0
BRDA:39,3,0,0
BRDA:39,3,1,0
BRDA:55,4,0,0
BRDA:55,4,1,0
BRDA:82,5,0,0
BRDA:82,5,1,0
BRF:11
BRH:0
end_of_record
TN:
SF:lib\config\index.ts
FN:3,(anonymous_0)
FN:4,(anonymous_1)
FN:5,(anonymous_2)
FN:6,(anonymous_3)
FN:7,(anonymous_4)
FN:8,(anonymous_5)
FN:14,(anonymous_6)
FN:15,(anonymous_7)
FN:16,(anonymous_8)
FN:20,(anonymous_9)
FNF:10
FNH:0
FNDA:0,(anonymous_0)
FNDA:0,(anonymous_1)
FNDA:0,(anonymous_2)
FNDA:0,(anonymous_3)
FNDA:0,(anonymous_4)
FNDA:0,(anonymous_5)
FNDA:0,(anonymous_6)
FNDA:0,(anonymous_7)
FNDA:0,(anonymous_8)
FNDA:0,(anonymous_9)
DA:2,0
DA:3,0
DA:4,0
DA:5,0
DA:6,0
DA:7,0
DA:8,0
DA:13,0
DA:14,0
DA:15,0
DA:16,0
DA:20,0
LF:12
LH:0
BRF:0
BRH:0
end_of_record
TN:
SF:lib\config\startup.ts
FN:4,(anonymous_7)
FN:9,(anonymous_8)
FN:16,(anonymous_9)
FN:32,(anonymous_11)
FN:70,(anonymous_12)
FN:96,(anonymous_14)
FN:114,(anonymous_15)
FN:118,(anonymous_16)
FN:123,(anonymous_17)
FN:130,validateStartup
FN:136,(anonymous_20)
FN:142,(anonymous_21)
FNF:12
FNH:0
FNDA:0,(anonymous_7)
FNDA:0,(anonymous_8)
FNDA:0,(anonymous_9)
FNDA:0,(anonymous_11)
FNDA:0,(anonymous_12)
FNDA:0,(anonymous_14)
FNDA:0,(anonymous_15)
FNDA:0,(anonymous_16)
FNDA:0,(anonymous_17)
FNDA:0,validateStartup
FNDA:0,(anonymous_20)
FNDA:0,(anonymous_21)
DA:1,0
DA:4,0
DA:5,0
DA:6,0
DA:7,0
DA:10,0
DA:11,0
DA:13,0
DA:21,0
DA:22,0
DA:24,0
DA:26,0
DA:29,0
DA:31,0
DA:32,0
DA:33,0
DA:36,0
DA:39,0
DA:42,0
DA:44,0
DA:45,0
DA:47,0
DA:54,0
DA:58,0
DA:59,0
DA:60,0
DA:62,0
DA:71,0
DA:73,0
DA:79,0
DA:80,0
DA:81,0
DA:86,0
DA:87,0
DA:88,0
DA:92,0
DA:97,0
DA:98,0
DA:99,0
DA:100,0
DA:104,0
DA:105,0
DA:106,0
DA:110,0
DA:115,0
DA:119,0
DA:124,0
DA:125,0
DA:130,0
DA:131,0
DA:132,0
DA:134,0
DA:135,0
DA:136,0
DA:137,0
DA:140,0
DA:141,0
DA:142,0
DA:145,0
DA:149,0
LF:60
LH:0
BRDA:10,0,0,0
BRDA:10,0,1,0
BRDA:31,1,0,0
BRDA:31,1,1,0
BRDA:54,2,0,0
BRDA:54,2,1,0
BRDA:56,3,0,0
BRDA:56,3,1,0
BRDA:80,4,0,0
BRDA:80,4,1,0
BRDA:87,5,0,0
BRDA:87,5,1,0
BRDA:87,6,0,0
BRDA:87,6,1,0
BRDA:92,7,0,0
BRDA:92,7,1,0
BRDA:99,8,0,0
BRDA:99,8,1,0
BRDA:105,9,0,0
BRDA:105,9,1,0
BRDA:110,10,0,0
BRDA:110,10,1,0
BRDA:134,11,0,0
BRDA:134,11,1,0
BRDA:140,12,0,0
BRDA:140,12,1,0
BRF:26
BRH:0
end_of_record
TN:
SF:lib\config\validation.ts
FN:34,(anonymous_0)
FN:52,(anonymous_1)
FN:62,validateEnvironmentConfig
FN:68,(anonymous_3)
FN:83,getConfig
FN:98,(anonymous_5)
FN:101,(anonymous_6)
FN:110,(anonymous_7)
FN:121,(anonymous_8)
FN:125,(anonymous_9)
FN:129,(anonymous_10)
FN:133,(anonymous_11)
FN:138,(anonymous_12)
FN:148,(anonymous_13)
FN:162,validateRuntimeConfig
FN:172,getConfigHealthStatus
FN:191,(anonymous_16)
FNF:17
FNH:0
FNDA:0,(anonymous_0)
FNDA:0,(anonymous_1)
FNDA:0,validateEnvironmentConfig
FNDA:0,(anonymous_3)
FNDA:0,getConfig
FNDA:0,(anonymous_5)
FNDA:0,(anonymous_6)
FNDA:0,(anonymous_7)
FNDA:0,(anonymous_8)
FNDA:0,(anonymous_9)
FNDA:0,(anonymous_10)
FNDA:0,(anonymous_11)
FNDA:0,(anonymous_12)
FNDA:0,(anonymous_13)
FNDA:0,validateRuntimeConfig
FNDA:0,getConfigHealthStatus
FNDA:0,(anonymous_16)
DA:1,0
DA:4,0
DA:35,0
DA:36,0
DA:37,0
DA:39,0
DA:51,0
DA:54,0
DA:56,0
DA:57,0
DA:62,0
DA:63,0
DA:64,0
DA:66,0
DA:67,0
DA:68,0
DA:71,0
DA:76,0
DA:81,0
DA:83,0
DA:84,0
DA:85,0
DA:87,0
DA:99,0
DA:102,0
DA:111,0
DA:112,0
DA:115,0
DA:116,0
DA:118,0
DA:122,0
DA:126,0
DA:130,0
DA:134,0
DA:135,0
DA:140,0
DA:141,0
DA:142,0
DA:143,0
DA:145,0
DA:149,0
DA:150,0
DA:151,0
DA:152,0
DA:153,0
DA:155,0
DA:159,0
DA:162,0
DA:163,0
DA:164,0
DA:165,0
DA:167,0
DA:172,0
DA:178,0
DA:185,0
DA:186,0
DA:188,0
DA:190,0
DA:191,0
DA:192,0
DA:193,0
DA:194,0
DA:196,0
DA:203,0
DA:204,0
DA:207,0
DA:208,0
DA:211,0
LF:68
LH:0
BRDA:66,0,0,0
BRDA:66,0,1,0
BRDA:84,1,0,0
BRDA:84,1,1,0
BRDA:101,2,0,0
BRDA:103,3,0,0
BRDA:103,3,1,0
BRDA:112,4,0,0
BRDA:112,4,1,0
BRDA:118,5,0,0
BRDA:118,5,1,0
BRDA:135,6,0,0
BRDA:135,6,1,0
BRDA:190,7,0,0
BRDA:190,7,1,0
BRDA:193,8,0,0
BRDA:193,8,1,0
BRDA:193,9,0,0
BRDA:193,9,1,0
BRDA:203,10,0,0
BRDA:203,10,1,0
BRDA:207,11,0,0
BRDA:207,11,1,0
BRF:23
BRH:0
end_of_record
TN:
SF:lib\database\connection-manager.ts
FN:24,(anonymous_7)
FN:41,(anonymous_8)
FN:63,(anonymous_9)
FN:122,(anonymous_11)
FN:123,(anonymous_12)
FN:124,(anonymous_13)
FN:135,(anonymous_14)
FN:144,(anonymous_15)
FN:148,(anonymous_16)
FN:149,(anonymous_17)
FN:153,(anonymous_18)
FN:163,(anonymous_19)
FN:164,(anonymous_20)
FN:164,(anonymous_21)
FN:174,(anonymous_22)
FN:189,(anonymous_24)
FN:194,(anonymous_25)
FN:212,(anonymous_26)
FN:220,(anonymous_27)
FNF:19
FNH:0
FNDA:0,(anonymous_7)
FNDA:0,(anonymous_8)
FNDA:0,(anonymous_9)
FNDA:0,(anonymous_11)
FNDA:0,(anonymous_12)
FNDA:0,(anonymous_13)
FNDA:0,(anonymous_14)
FNDA:0,(anonymous_15)
FNDA:0,(anonymous_16)
FNDA:0,(anonymous_17)
FNDA:0,(anonymous_18)
FNDA:0,(anonymous_19)
FNDA:0,(anonymous_20)
FNDA:0,(anonymous_21)
FNDA:0,(anonymous_22)
FNDA:0,(anonymous_24)
FNDA:0,(anonymous_25)
FNDA:0,(anonymous_26)
FNDA:0,(anonymous_27)
DA:1,0
DA:23,0
DA:26,0
DA:27,0
DA:29,0
DA:30,0
DA:42,0
DA:43,0
DA:51,0
DA:59,0
DA:68,0
DA:69,0
DA:70,0
DA:72,0
DA:73,0
DA:75,0
DA:76,0
DA:77,0
DA:78,0
DA:84,0
DA:85,0
DA:87,0
DA:89,0
DA:92,0
DA:93,0
DA:97,0
DA:98,0
DA:99,0
DA:105,0
DA:106,0
DA:117,0
DA:123,0
DA:124,0
DA:125,0
DA:136,0
DA:144,0
DA:149,0
DA:154,0
DA:155,0
DA:158,0
DA:164,0
DA:165,0
DA:166,0
DA:168,0
DA:175,0
DA:177,0
DA:178,0
DA:180,0
DA:190,0
DA:200,0
DA:201,0
DA:203,0
DA:213,0
DA:214,0
DA:215,0
DA:221,0
DA:226,0
DA:227,0
LF:58
LH:0
BRDA:41,0,0,0
BRDA:44,1,0,0
BRDA:44,1,1,0
BRDA:45,2,0,0
BRDA:45,2,1,0
BRDA:46,3,0,0
BRDA:46,3,1,0
BRDA:47,4,0,0
BRDA:47,4,1,0
BRDA:48,5,0,0
BRDA:48,5,1,0
BRDA:69,6,0,0
BRDA:69,6,1,0
BRDA:89,7,0,0
BRDA:89,7,1,0
BRDA:92,8,0,0
BRDA:92,8,1,0
BRDA:97,9,0,0
BRDA:97,9,1,0
BRDA:107,10,0,0
BRDA:107,10,1,0
BRDA:107,11,0,0
BRDA:107,11,1,0
BRDA:112,12,0,0
BRDA:112,12,1,0
BRDA:112,13,0,0
BRDA:112,13,1,0
BRDA:181,14,0,0
BRDA:181,14,1,0
BRDA:183,15,0,0
BRDA:183,15,1,0
BRDA:213,16,0,0
BRDA:213,16,1,0
BRF:33
BRH:0
end_of_record
TN:
SF:lib\database\index.ts
FN:110,(anonymous_7)
FN:122,(anonymous_8)
FN:129,(anonymous_9)
FN:144,timestampToString
FN:154,convertFirestoreDoc
FN:185,(anonymous_12)
FN:189,(anonymous_13)
FN:192,(anonymous_15)
FN:192,(anonymous_16)
FN:236,(anonymous_17)
FN:237,(anonymous_19)
FN:237,(anonymous_20)
FN:246,(anonymous_21)
FN:255,(anonymous_23)
FN:274,(anonymous_24)
FN:325,(anonymous_26)
FN:325,(anonymous_27)
FN:338,(anonymous_28)
FN:338,(anonymous_29)
FN:367,(anonymous_30)
FN:373,(anonymous_31)
FN:406,(anonymous_32)
FN:415,(anonymous_34)
FN:433,(anonymous_35)
FN:447,(anonymous_37)
FN:476,(anonymous_39)
FN:476,(anonymous_40)
FN:489,(anonymous_41)
FN:489,(anonymous_42)
FN:509,(anonymous_43)
FN:538,(anonymous_44)
FN:541,(anonymous_46)
FN:541,(anonymous_47)
FN:557,(anonymous_48)
FN:587,(anonymous_49)
FN:601,(anonymous_51)
FN:644,(anonymous_53)
FN:652,(anonymous_55)
FN:663,(anonymous_56)
FN:666,(anonymous_58)
FN:666,(anonymous_59)
FN:682,(anonymous_60)
FN:713,(anonymous_61)
FN:725,(anonymous_63)
FN:730,(anonymous_64)
FN:731,(anonymous_65)
FN:765,(anonymous_66)
FN:792,(anonymous_67)
FN:793,(anonymous_68)
FN:824,(anonymous_69)
FN:857,(anonymous_70)
FN:857,(anonymous_71)
FN:857,(anonymous_72)
FN:858,(anonymous_73)
FN:858,(anonymous_74)
FN:858,(anonymous_75)
FN:858,(anonymous_76)
FN:859,(anonymous_77)
FN:859,(anonymous_78)
FN:859,(anonymous_79)
FNF:60
FNH:0
FNDA:0,(anonymous_7)
FNDA:0,(anonymous_8)
FNDA:0,(anonymous_9)
FNDA:0,timestampToString
FNDA:0,convertFirestoreDoc
FNDA:0,(anonymous_12)
FNDA:0,(anonymous_13)
FNDA:0,(anonymous_15)
FNDA:0,(anonymous_16)
FNDA:0,(anonymous_17)
FNDA:0,(anonymous_19)
FNDA:0,(anonymous_20)
FNDA:0,(anonymous_21)
FNDA:0,(anonymous_23)
FNDA:0,(anonymous_24)
FNDA:0,(anonymous_26)
FNDA:0,(anonymous_27)
FNDA:0,(anonymous_28)
FNDA:0,(anonymous_29)
FNDA:0,(anonymous_30)
FNDA:0,(anonymous_31)
FNDA:0,(anonymous_32)
FNDA:0,(anonymous_34)
FNDA:0,(anonymous_35)
FNDA:0,(anonymous_37)
FNDA:0,(anonymous_39)
FNDA:0,(anonymous_40)
FNDA:0,(anonymous_41)
FNDA:0,(anonymous_42)
FNDA:0,(anonymous_43)
FNDA:0,(anonymous_44)
FNDA:0,(anonymous_46)
FNDA:0,(anonymous_47)
FNDA:0,(anonymous_48)
FNDA:0,(anonymous_49)
FNDA:0,(anonymous_51)
FNDA:0,(anonymous_53)
FNDA:0,(anonymous_55)
FNDA:0,(anonymous_56)
FNDA:0,(anonymous_58)
FNDA:0,(anonymous_59)
FNDA:0,(anonymous_60)
FNDA:0,(anonymous_61)
FNDA:0,(anonymous_63)
FNDA:0,(anonymous_64)
FNDA:0,(anonymous_65)
FNDA:0,(anonymous_66)
FNDA:0,(anonymous_67)
FNDA:0,(anonymous_68)
FNDA:0,(anonymous_69)
FNDA:0,(anonymous_70)
FNDA:0,(anonymous_71)
FNDA:0,(anonymous_72)
FNDA:0,(anonymous_73)
FNDA:0,(anonymous_74)
FNDA:0,(anonymous_75)
FNDA:0,(anonymous_76)
FNDA:0,(anonymous_77)
FNDA:0,(anonymous_78)
FNDA:0,(anonymous_79)
DA:1,0
DA:3,0
DA:4,0
DA:5,0
DA:6,0
DA:109,0
DA:112,0
DA:113,0
DA:114,0
DA:116,0
DA:117,0
DA:121,0
DA:123,0
DA:124,0
DA:128,0
DA:130,0
DA:131,0
DA:136,0
DA:145,0
DA:146,0
DA:148,0
DA:149,0
DA:151,0
DA:155,0
DA:156,0
DA:157,0
DA:161,0
DA:162,0
DA:163,0
DA:165,0
DA:166,0
DA:168,0
DA:169,0
DA:171,0
DA:172,0
DA:174,0
DA:175,0
DA:177,0
DA:178,0
DA:181,0
DA:186,0
DA:190,0
DA:191,0
DA:192,0
DA:193,0
DA:194,0
DA:210,0
DA:211,0
DA:213,0
DA:216,0
DA:223,0
DA:225,0
DA:232,0
DA:237,0
DA:238,0
DA:239,0
DA:240,0
DA:242,0
DA:247,0
DA:248,0
DA:249,0
DA:255,0
DA:256,0
DA:257,0
DA:261,0
DA:262,0
DA:264,0
DA:275,0
DA:276,0
DA:277,0
DA:278,0
DA:280,0
DA:281,0
DA:282,0
DA:296,0
DA:297,0
DA:313,0
DA:314,0
DA:316,0
DA:325,0
DA:326,0
DA:327,0
DA:329,0
DA:332,0
DA:338,0
DA:339,0
DA:342,0
DA:343,0
DA:345,0
DA:346,0
DA:348,0
DA:349,0
DA:353,0
DA:359,0
DA:367,0
DA:371,0
DA:372,0
DA:373,0
DA:374,0
DA:380,0
DA:387,0
DA:390,0
DA:397,0
DA:407,0
DA:408,0
DA:409,0
DA:415,0
DA:416,0
DA:417,0
DA:421,0
DA:422,0
DA:424,0
DA:434,0
DA:435,0
DA:437,0
DA:448,0
DA:449,0
DA:450,0
DA:451,0
DA:464,0
DA:465,0
DA:467,0
DA:476,0
DA:477,0
DA:478,0
DA:480,0
DA:483,0
DA:489,0
DA:490,0
DA:493,0
DA:494,0
DA:496,0
DA:497,0
DA:501,0
DA:509,0
DA:512,0
DA:519,0
DA:522,0
DA:529,0
DA:539,0
DA:540,0
DA:541,0
DA:542,0
DA:543,0
DA:549,0
DA:550,0
DA:552,0
DA:553,0
DA:557,0
DA:558,0
DA:559,0
DA:563,0
DA:564,0
DA:567,0
DA:574,0
DA:576,0
DA:583,0
DA:588,0
DA:589,0
DA:591,0
DA:602,0
DA:603,0
DA:604,0
DA:605,0
DA:607,0
DA:608,0
DA:609,0
DA:619,0
DA:620,0
DA:632,0
DA:633,0
DA:635,0
DA:645,0
DA:646,0
DA:652,0
DA:654,0
DA:664,0
DA:665,0
DA:666,0
DA:667,0
DA:668,0
DA:671,0
DA:672,0
DA:674,0
DA:675,0
DA:677,0
DA:678,0
DA:682,0
DA:683,0
DA:684,0
DA:688,0
DA:689,0
DA:692,0
DA:699,0
DA:701,0
DA:708,0
DA:714,0
DA:715,0
DA:717,0
DA:726,0
DA:731,0
DA:735,0
DA:736,0
DA:739,0
DA:740,0
DA:742,0
DA:743,0
DA:745,0
DA:746,0
DA:749,0
DA:751,0
DA:752,0
DA:753,0
DA:754,0
DA:756,0
DA:757,0
DA:758,0
DA:759,0
DA:762,0
DA:763,0
DA:765,0
DA:767,0
DA:768,0
DA:769,0
DA:771,0
DA:772,0
DA:775,0
DA:778,0
DA:781,0
DA:783,0
DA:793,0
DA:797,0
DA:798,0
DA:801,0
DA:802,0
DA:804,0
DA:805,0
DA:808,0
DA:810,0
DA:811,0
DA:812,0
DA:813,0
DA:815,0
DA:816,0
DA:817,0
DA:818,0
DA:821,0
DA:822,0
DA:824,0
DA:826,0
DA:827,0
DA:828,0
DA:830,0
DA:831,0
DA:834,0
DA:837,0
DA:840,0
DA:842,0
DA:853,0
DA:854,0
DA:857,0
DA:858,0
DA:859,0
LF:263
LH:0
BRDA:145,0,0,0
BRDA:145,0,1,0
BRDA:148,1,0,0
BRDA:148,1,1,0
BRDA:156,2,0,0
BRDA:156,2,1,0
BRDA:162,3,0,0
BRDA:162,3,1,0
BRDA:165,4,0,0
BRDA:165,4,1,0
BRDA:168,5,0,0
BRDA:168,5,1,0
BRDA:171,6,0,0
BRDA:171,6,1,0
BRDA:174,7,0,0
BRDA:174,7,1,0
BRDA:177,8,0,0
BRDA:177,8,1,0
BRDA:195,9,0,0
BRDA:195,9,1,0
BRDA:196,10,0,0
BRDA:196,10,1,0
BRDA:197,11,0,0
BRDA:197,11,1,0
BRDA:200,12,0,0
BRDA:200,12,1,0
BRDA:201,13,0,0
BRDA:201,13,1,0
BRDA:230,14,0,0
BRDA:230,14,1,0
BRDA:239,15,0,0
BRDA:239,15,1,0
BRDA:256,16,0,0
BRDA:256,16,1,0
BRDA:265,17,0,0
BRDA:265,17,1,0
BRDA:285,18,0,0
BRDA:285,18,1,0
BRDA:286,19,0,0
BRDA:286,19,1,0
BRDA:287,20,0,0
BRDA:287,20,1,0
BRDA:288,21,0,0
BRDA:288,21,1,0
BRDA:289,22,0,0
BRDA:289,22,1,0
BRDA:290,23,0,0
BRDA:290,23,1,0
BRDA:291,24,0,0
BRDA:291,24,1,0
BRDA:317,25,0,0
BRDA:317,25,1,0
BRDA:325,26,0,0
BRDA:342,27,0,0
BRDA:342,27,1,0
BRDA:345,28,0,0
BRDA:345,28,1,0
BRDA:348,29,0,0
BRDA:348,29,1,0
BRDA:348,30,0,0
BRDA:348,30,1,0
BRDA:353,31,0,0
BRDA:353,31,1,0
BRDA:371,32,0,0
BRDA:371,32,1,0
BRDA:374,33,0,0
BRDA:374,33,1,0
BRDA:374,33,2,0
BRDA:374,33,3,0
BRDA:374,33,4,0
BRDA:395,34,0,0
BRDA:395,34,1,0
BRDA:398,35,0,0
BRDA:398,35,1,0
BRDA:416,36,0,0
BRDA:416,36,1,0
BRDA:416,37,0,0
BRDA:416,37,1,0
BRDA:425,38,0,0
BRDA:425,38,1,0
BRDA:438,39,0,0
BRDA:438,39,1,0
BRDA:455,40,0,0
BRDA:455,40,1,0
BRDA:457,41,0,0
BRDA:457,41,1,0
BRDA:458,42,0,0
BRDA:458,42,1,0
BRDA:468,43,0,0
BRDA:468,43,1,0
BRDA:476,44,0,0
BRDA:493,45,0,0
BRDA:493,45,1,0
BRDA:496,46,0,0
BRDA:496,46,1,0
BRDA:527,47,0,0
BRDA:527,47,1,0
BRDA:530,48,0,0
BRDA:530,48,1,0
BRDA:549,49,0,0
BRDA:549,49,1,0
BRDA:549,50,0,0
BRDA:549,50,1,0
BRDA:552,51,0,0
BRDA:552,51,1,0
BRDA:552,52,0,0
BRDA:552,52,1,0
BRDA:558,53,0,0
BRDA:558,53,1,0
BRDA:558,54,0,0
BRDA:558,54,1,0
BRDA:581,55,0,0
BRDA:581,55,1,0
BRDA:592,56,0,0
BRDA:592,56,1,0
BRDA:612,57,0,0
BRDA:612,57,1,0
BRDA:636,58,0,0
BRDA:636,58,1,0
BRDA:655,59,0,0
BRDA:655,59,1,0
BRDA:671,60,0,0
BRDA:671,60,1,0
BRDA:671,61,0,0
BRDA:671,61,1,0
BRDA:674,62,0,0
BRDA:674,62,1,0
BRDA:674,63,0,0
BRDA:674,63,1,0
BRDA:677,64,0,0
BRDA:677,64,1,0
BRDA:677,65,0,0
BRDA:677,65,1,0
BRDA:683,66,0,0
BRDA:683,66,1,0
BRDA:683,67,0,0
BRDA:683,67,1,0
BRDA:706,68,0,0
BRDA:706,68,1,0
BRDA:718,69,0,0
BRDA:718,69,1,0
BRDA:733,70,0,0
BRDA:739,71,0,0
BRDA:739,71,1,0
BRDA:739,72,0,0
BRDA:739,72,1,0
BRDA:739,73,0,0
BRDA:739,73,1,0
BRDA:742,74,0,0
BRDA:742,74,1,0
BRDA:742,75,0,0
BRDA:742,75,1,0
BRDA:742,76,0,0
BRDA:742,76,1,0
BRDA:745,77,0,0
BRDA:745,77,1,0
BRDA:745,78,0,0
BRDA:745,78,1,0
BRDA:745,79,0,0
BRDA:745,79,1,0
BRDA:745,80,0,0
BRDA:745,80,1,0
BRDA:754,81,0,0
BRDA:754,81,1,0
BRDA:758,82,0,0
BRDA:758,82,1,0
BRDA:763,83,0,0
BRDA:763,83,1,0
BRDA:778,84,0,0
BRDA:778,84,1,0
BRDA:784,85,0,0
BRDA:784,85,1,0
BRDA:795,86,0,0
BRDA:801,87,0,0
BRDA:801,87,1,0
BRDA:801,88,0,0
BRDA:801,88,1,0
BRDA:801,89,0,0
BRDA:801,89,1,0
BRDA:804,90,0,0
BRDA:804,90,1,0
BRDA:804,91,0,0
BRDA:804,91,1,0
BRDA:804,92,0,0
BRDA:804,92,1,0
BRDA:813,93,0,0
BRDA:813,93,1,0
BRDA:817,94,0,0
BRDA:817,94,1,0
BRDA:822,95,0,0
BRDA:822,95,1,0
BRDA:837,96,0,0
BRDA:837,96,1,0
BRDA:843,97,0,0
BRDA:843,97,1,0
BRF:195
BRH:0
end_of_record
TN:
SF:lib\database\migrations.ts
FN:35,(anonymous_7)
FN:47,(anonymous_8)
FN:53,(anonymous_9)
FN:82,(anonymous_10)
FN:105,(anonymous_11)
FN:112,(anonymous_13)
FN:125,(anonymous_14)
FN:127,(anonymous_16)
FN:157,(anonymous_17)
FN:161,(anonymous_18)
FN:163,(anonymous_20)
FN:173,(anonymous_21)
FN:177,(anonymous_22)
FN:198,(anonymous_23)
FN:200,(anonymous_25)
FN:200,(anonymous_26)
FN:241,(anonymous_27)
FN:243,(anonymous_29)
FN:243,(anonymous_30)
FN:273,(anonymous_31)
FN:292,(anonymous_33)
FN:297,(anonymous_35)
FN:298,(anonymous_36)
FN:326,(anonymous_37)
FN:351,(anonymous_39)
FN:382,createMigration
FNF:26
FNH:0
FNDA:0,(anonymous_7)
FNDA:0,(anonymous_8)
FNDA:0,(anonymous_9)
FNDA:0,(anonymous_10)
FNDA:0,(anonymous_11)
FNDA:0,(anonymous_13)
FNDA:0,(anonymous_14)
FNDA:0,(anonymous_16)
FNDA:0,(anonymous_17)
FNDA:0,(anonymous_18)
FNDA:0,(anonymous_20)
FNDA:0,(anonymous_21)
FNDA:0,(anonymous_22)
FNDA:0,(anonymous_23)
FNDA:0,(anonymous_25)
FNDA:0,(anonymous_26)
FNDA:0,(anonymous_27)
FNDA:0,(anonymous_29)
FNDA:0,(anonymous_30)
FNDA:0,(anonymous_31)
FNDA:0,(anonymous_33)
FNDA:0,(anonymous_35)
FNDA:0,(anonymous_36)
FNDA:0,(anonymous_37)
FNDA:0,(anonymous_39)
FNDA:0,createMigration
DA:1,0
DA:2,0
DA:34,0
DA:37,0
DA:38,0
DA:39,0
DA:41,0
DA:42,0
DA:48,0
DA:49,0
DA:50,0
DA:55,0
DA:58,0
DA:59,0
DA:67,0
DA:68,0
DA:69,0
DA:78,0
DA:83,0
DA:84,0
DA:87,0
DA:88,0
DA:91,0
DA:92,0
DA:95,0
DA:96,0
DA:99,0
DA:100,0
DA:106,0
DA:107,0
DA:112,0
DA:117,0
DA:126,0
DA:127,0
DA:129,0
DA:132,0
DA:133,0
DA:134,0
DA:144,0
DA:145,0
DA:146,0
DA:157,0
DA:162,0
DA:163,0
DA:165,0
DA:166,0
DA:167,0
DA:168,0
DA:173,0
DA:178,0
DA:188,0
DA:189,0
DA:190,0
DA:191,0
DA:192,0
DA:194,0
DA:199,0
DA:200,0
DA:202,0
DA:206,0
DA:207,0
DA:215,0
DA:218,0
DA:226,0
DA:232,0
DA:242,0
DA:243,0
DA:245,0
DA:249,0
DA:250,0
DA:258,0
DA:261,0
DA:264,0
DA:274,0
DA:276,0
DA:277,0
DA:280,0
DA:282,0
DA:283,0
DA:284,0
DA:287,0
DA:288,0
DA:293,0
DA:296,0
DA:297,0
DA:298,0
DA:300,0
DA:301,0
DA:304,0
DA:306,0
DA:307,0
DA:309,0
DA:310,0
DA:317,0
DA:318,0
DA:321,0
DA:322,0
DA:327,0
DA:329,0
DA:330,0
DA:333,0
DA:334,0
DA:336,0
DA:337,0
DA:344,0
DA:345,0
DA:347,0
DA:352,0
DA:353,0
DA:355,0
DA:356,0
DA:358,0
DA:359,0
DA:360,0
DA:364,0
DA:365,0
DA:366,0
DA:370,0
DA:378,0
DA:379,0
DA:382,0
DA:390,0
LF:122
LH:0
BRDA:58,0,0,0
BRDA:58,0,1,0
BRDA:68,1,0,0
BRDA:68,1,1,0
BRDA:83,2,0,0
BRDA:83,2,1,0
BRDA:83,3,0,0
BRDA:83,3,1,0
BRDA:87,4,0,0
BRDA:87,4,1,0
BRDA:87,5,0,0
BRDA:87,5,1,0
BRDA:91,6,0,0
BRDA:91,6,1,0
BRDA:91,7,0,0
BRDA:91,7,1,0
BRDA:95,8,0,0
BRDA:95,8,1,0
BRDA:99,9,0,0
BRDA:99,9,1,0
BRDA:118,10,0,0
BRDA:118,10,1,0
BRDA:139,11,0,0
BRDA:139,11,1,0
BRDA:139,12,0,0
BRDA:139,12,1,0
BRDA:145,13,0,0
BRDA:145,13,1,0
BRDA:167,14,0,0
BRDA:167,14,1,0
BRDA:206,15,0,0
BRDA:206,15,1,0
BRDA:233,16,0,0
BRDA:233,16,1,0
BRDA:249,17,0,0
BRDA:249,17,1,0
BRDA:265,18,0,0
BRDA:265,18,1,0
BRDA:276,19,0,0
BRDA:276,19,1,0
BRDA:300,20,0,0
BRDA:300,20,1,0
BRDA:309,21,0,0
BRDA:309,21,1,0
BRDA:329,22,0,0
BRDA:329,22,1,0
BRDA:336,23,0,0
BRDA:336,23,1,0
BRDA:358,24,0,0
BRDA:358,24,1,0
BRDA:365,25,0,0
BRDA:365,25,1,0
BRF:52
BRH:0
end_of_record
TN:
SF:lib\database\pagination.ts
FN:52,(anonymous_7)
FN:53,(anonymous_8)
FN:112,(anonymous_9)
FN:113,(anonymous_10)
FN:190,(anonymous_11)
FN:191,(anonymous_12)
FN:279,(anonymous_13)
FN:314,(anonymous_15)
FN:318,(anonymous_17)
FN:318,(anonymous_18)
FN:329,(anonymous_19)
FN:352,(anonymous_20)
FN:371,(anonymous_21)
FN:413,(anonymous_23)
FN:426,(anonymous_24)
FN:434,(anonymous_25)
FN:460,(anonymous_26)
FN:461,(anonymous_27)
FN:484,(anonymous_28)
FNF:19
FNH:0
FNDA:0,(anonymous_7)
FNDA:0,(anonymous_8)
FNDA:0,(anonymous_9)
FNDA:0,(anonymous_10)
FNDA:0,(anonymous_11)
FNDA:0,(anonymous_12)
FNDA:0,(anonymous_13)
FNDA:0,(anonymous_15)
FNDA:0,(anonymous_17)
FNDA:0,(anonymous_18)
FNDA:0,(anonymous_19)
FNDA:0,(anonymous_20)
FNDA:0,(anonymous_21)
FNDA:0,(anonymous_23)
FNDA:0,(anonymous_24)
FNDA:0,(anonymous_25)
FNDA:0,(anonymous_26)
FNDA:0,(anonymous_27)
FNDA:0,(anonymous_28)
DA:2,0
DA:3,0
DA:44,0
DA:45,0
DA:46,0
DA:47,0
DA:53,0
DA:57,0
DA:59,0
DA:60,0
DA:61,0
DA:62,0
DA:65,0
DA:66,0
DA:67,0
DA:74,0
DA:77,0
DA:78,0
DA:81,0
DA:82,0
DA:84,0
DA:96,0
DA:97,0
DA:102,0
DA:104,0
DA:105,0
DA:113,0
DA:117,0
DA:119,0
DA:120,0
DA:123,0
DA:124,0
DA:125,0
DA:132,0
DA:134,0
DA:135,0
DA:136,0
DA:140,0
DA:142,0
DA:143,0
DA:144,0
DA:149,0
DA:152,0
DA:153,0
DA:156,0
DA:157,0
DA:158,0
DA:161,0
DA:163,0
DA:175,0
DA:176,0
DA:180,0
DA:182,0
DA:183,0
DA:191,0
DA:196,0
DA:197,0
DA:199,0
DA:200,0
DA:201,0
DA:203,0
DA:205,0
DA:206,0
DA:208,0
DA:209,0
DA:210,0
DA:214,0
DA:215,0
DA:217,0
DA:218,0
DA:219,0
DA:223,0
DA:224,0
DA:227,0
DA:234,0
DA:237,0
DA:238,0
DA:240,0
DA:241,0
DA:242,0
DA:248,0
DA:249,0
DA:252,0
DA:253,0
DA:257,0
DA:259,0
DA:266,0
DA:267,0
DA:272,0
DA:285,0
DA:287,0
DA:288,0
DA:292,0
DA:294,0
DA:296,0
DA:298,0
DA:299,0
DA:301,0
DA:306,0
DA:315,0
DA:316,0
DA:318,0
DA:320,0
DA:322,0
DA:334,0
DA:335,0
DA:337,0
DA:353,0
DA:364,0
DA:365,0
DA:366,0
DA:372,0
DA:377,0
DA:378,0
DA:379,0
DA:380,0
DA:384,0
DA:385,0
DA:386,0
DA:390,0
DA:391,0
DA:393,0
DA:394,0
DA:397,0
DA:403,0
DA:404,0
DA:406,0
DA:418,0
DA:419,0
DA:420,0
DA:427,0
DA:428,0
DA:435,0
DA:436,0
DA:438,0
DA:439,0
DA:440,0
DA:441,0
DA:445,0
DA:446,0
DA:449,0
DA:456,0
DA:461,0
DA:469,0
DA:470,0
DA:471,0
DA:474,0
DA:475,0
DA:476,0
DA:480,0
DA:481,0
DA:483,0
DA:484,0
DA:485,0
DA:486,0
DA:488,0
DA:489,0
DA:492,0
DA:495,0
DA:498,0
DA:499,0
DA:500,0
DA:505,0
DA:507,0
DA:508,0
DA:510,0
LF:166
LH:0
BRDA:54,0,0,0
BRDA:60,1,0,0
BRDA:60,1,1,0
BRDA:61,2,0,0
BRDA:61,2,1,0
BRDA:66,3,0,0
BRDA:66,3,1,0
BRDA:69,4,0,0
BRDA:69,4,1,0
BRDA:114,5,0,0
BRDA:120,6,0,0
BRDA:120,6,1,0
BRDA:124,7,0,0
BRDA:124,7,1,0
BRDA:127,8,0,0
BRDA:127,8,1,0
BRDA:132,9,0,0
BRDA:132,9,1,0
BRDA:135,10,0,0
BRDA:135,10,1,0
BRDA:140,11,0,0
BRDA:140,11,1,0
BRDA:143,12,0,0
BRDA:143,12,1,0
BRDA:157,13,0,0
BRDA:157,13,1,0
BRDA:169,14,0,0
BRDA:169,14,1,0
BRDA:169,15,0,0
BRDA:169,15,1,0
BRDA:194,16,0,0
BRDA:196,17,0,0
BRDA:196,17,1,0
BRDA:197,18,0,0
BRDA:197,18,1,0
BRDA:209,19,0,0
BRDA:209,19,1,0
BRDA:217,20,0,0
BRDA:217,20,1,0
BRDA:237,21,0,0
BRDA:237,21,1,0
BRDA:241,22,0,0
BRDA:241,22,1,0
BRDA:287,23,0,0
BRDA:287,23,1,0
BRDA:298,24,0,0
BRDA:298,24,1,0
BRDA:334,25,0,0
BRDA:334,25,1,0
BRDA:335,26,0,0
BRDA:335,26,1,0
BRDA:343,27,0,0
BRDA:343,27,1,0
BRDA:355,28,0,0
BRDA:355,28,1,0
BRDA:356,29,0,0
BRDA:356,29,1,0
BRDA:374,30,0,0
BRDA:378,31,0,0
BRDA:378,31,1,0
BRDA:378,32,0,0
BRDA:378,32,1,0
BRDA:384,33,0,0
BRDA:384,33,1,0
BRDA:439,34,0,0
BRDA:439,34,1,0
BRDA:445,35,0,0
BRDA:445,35,1,0
BRDA:463,36,0,0
BRDA:469,37,0,0
BRDA:469,37,1,0
BRDA:470,38,0,0
BRDA:470,38,1,0
BRDA:488,39,0,0
BRDA:488,39,1,0
BRDA:498,40,0,0
BRDA:498,40,1,0
BRF:77
BRH:0
end_of_record
TN:
SF:lib\database\performance-monitor.ts
FN:20,(anonymous_0)
FN:27,(anonymous_1)
FN:52,(anonymous_2)
FN:56,(anonymous_3)
FN:60,(anonymous_4)
FN:61,(anonymous_5)
FN:64,(anonymous_6)
FN:67,(anonymous_7)
FN:82,(anonymous_8)
FN:84,(anonymous_9)
FN:85,(anonymous_10)
FN:90,(anonymous_11)
FN:101,(anonymous_12)
FN:107,(anonymous_13)
FNF:14
FNH:0
FNDA:0,(anonymous_0)
FNDA:0,(anonymous_1)
FNDA:0,(anonymous_2)
FNDA:0,(anonymous_3)
FNDA:0,(anonymous_4)
FNDA:0,(anonymous_5)
FNDA:0,(anonymous_6)
FNDA:0,(anonymous_7)
FNDA:0,(anonymous_8)
FNDA:0,(anonymous_9)
FNDA:0,(anonymous_10)
FNDA:0,(anonymous_11)
FNDA:0,(anonymous_12)
FNDA:0,(anonymous_13)
DA:21,0
DA:22,0
DA:23,0
DA:24,0
DA:34,0
DA:43,0
DA:46,0
DA:47,0
DA:53,0
DA:54,0
DA:55,0
DA:56,0
DA:59,0
DA:60,0
DA:61,0
DA:63,0
DA:64,0
DA:67,0
DA:68,0
DA:69,0
DA:71,0
DA:83,0
DA:84,0
DA:85,0
DA:91,0
DA:93,0
DA:94,0
DA:97,0
DA:102,0
DA:103,0
DA:108,0
DA:113,0
DA:114,0
LF:33
LH:0
BRDA:46,0,0,0
BRDA:46,0,1,0
BRDA:63,1,0,0
BRDA:63,1,1,0
BRDA:68,2,0,0
BRDA:68,2,1,0
BRDA:82,3,0,0
BRDA:94,4,0,0
BRDA:94,4,1,0
BRF:9
BRH:0
end_of_record
TN:
SF:lib\database\query-optimizer.ts
FN:42,(anonymous_7)
FN:43,(anonymous_8)
FN:123,(anonymous_9)
FN:133,(anonymous_10)
FN:138,(anonymous_11)
FN:158,(anonymous_12)
FN:164,(anonymous_13)
FN:167,(anonymous_14)
FN:170,(anonymous_15)
FN:183,(anonymous_16)
FN:193,(anonymous_17)
FN:209,(anonymous_18)
FN:220,(anonymous_19)
FN:229,(anonymous_20)
FN:240,(anonymous_21)
FN:267,(anonymous_22)
FN:288,(anonymous_23)
FN:318,(anonymous_24)
FN:335,(anonymous_25)
FN:343,(anonymous_26)
FN:352,(anonymous_27)
FN:360,(anonymous_28)
FN:377,(anonymous_29)
FN:387,(anonymous_31)
FN:394,(anonymous_32)
FN:413,(anonymous_33)
FN:422,(anonymous_34)
FN:427,(anonymous_35)
FN:438,(anonymous_36)
FN:470,(anonymous_37)
FN:486,(anonymous_38)
FNF:31
FNH:0
FNDA:0,(anonymous_7)
FNDA:0,(anonymous_8)
FNDA:0,(anonymous_9)
FNDA:0,(anonymous_10)
FNDA:0,(anonymous_11)
FNDA:0,(anonymous_12)
FNDA:0,(anonymous_13)
FNDA:0,(anonymous_14)
FNDA:0,(anonymous_15)
FNDA:0,(anonymous_16)
FNDA:0,(anonymous_17)
FNDA:0,(anonymous_18)
FNDA:0,(anonymous_19)
FNDA:0,(anonymous_20)
FNDA:0,(anonymous_21)
FNDA:0,(anonymous_22)
FNDA:0,(anonymous_23)
FNDA:0,(anonymous_24)
FNDA:0,(anonymous_25)
FNDA:0,(anonymous_26)
FNDA:0,(anonymous_27)
FNDA:0,(anonymous_28)
FNDA:0,(anonymous_29)
FNDA:0,(anonymous_31)
FNDA:0,(anonymous_32)
FNDA:0,(anonymous_33)
FNDA:0,(anonymous_34)
FNDA:0,(anonymous_35)
FNDA:0,(anonymous_36)
FNDA:0,(anonymous_37)
FNDA:0,(anonymous_38)
DA:2,0
DA:3,0
DA:34,0
DA:35,0
DA:36,0
DA:37,0
DA:43,0
DA:47,0
DA:48,0
DA:50,0
DA:52,0
DA:53,0
DA:54,0
DA:62,0
DA:63,0
DA:64,0
DA:67,0
DA:70,0
DA:81,0
DA:84,0
DA:85,0
DA:86,0
DA:90,0
DA:94,0
DA:97,0
DA:98,0
DA:101,0
DA:104,0
DA:106,0
DA:110,0
DA:116,0
DA:132,0
DA:133,0
DA:134,0
DA:136,0
DA:137,0
DA:138,0
DA:140,0
DA:144,0
DA:163,0
DA:164,0
DA:166,0
DA:167,0
DA:169,0
DA:170,0
DA:173,0
DA:184,0
DA:185,0
DA:187,0
DA:196,0
DA:197,0
DA:198,0
DA:199,0
DA:200,0
DA:201,0
DA:203,0
DA:212,0
DA:213,0
DA:214,0
DA:223,0
DA:231,0
DA:232,0
DA:233,0
DA:234,0
DA:245,0
DA:247,0
DA:248,0
DA:251,0
DA:252,0
DA:253,0
DA:256,0
DA:257,0
DA:258,0
DA:261,0
DA:268,0
DA:280,0
DA:289,0
DA:291,0
DA:293,0
DA:295,0
DA:296,0
DA:304,0
DA:306,0
DA:320,0
DA:321,0
DA:322,0
DA:323,0
DA:330,0
DA:333,0
DA:336,0
DA:337,0
DA:344,0
DA:345,0
DA:346,0
DA:353,0
DA:354,0
DA:362,0
DA:363,0
DA:370,0
DA:371,0
DA:381,0
DA:388,0
DA:395,0
DA:402,0
DA:403,0
DA:418,0
DA:419,0
DA:421,0
DA:423,0
DA:424,0
DA:425,0
DA:428,0
DA:429,0
DA:430,0
DA:443,0
DA:450,0
DA:451,0
DA:452,0
DA:454,0
DA:455,0
DA:458,0
DA:461,0
DA:471,0
DA:473,0
DA:474,0
DA:480,0
DA:487,0
LF:127
LH:0
BRDA:45,0,0,0
BRDA:53,1,0,0
BRDA:53,1,1,0
BRDA:53,2,0,0
BRDA:53,2,1,0
BRDA:84,3,0,0
BRDA:84,3,1,0
BRDA:85,4,0,0
BRDA:85,4,1,0
BRDA:97,5,0,0
BRDA:97,5,1,0
BRDA:137,6,0,0
BRDA:137,6,1,0
BRDA:140,7,0,0
BRDA:140,7,1,0
BRDA:169,8,0,0
BRDA:169,8,1,0
BRDA:214,9,0,0
BRDA:214,9,1,0
BRDA:231,10,0,0
BRDA:231,10,1,0
BRDA:232,11,0,0
BRDA:232,11,1,0
BRDA:232,12,0,0
BRDA:232,12,1,0
BRDA:233,13,0,0
BRDA:233,13,1,0
BRDA:233,14,0,0
BRDA:233,14,1,0
BRDA:247,15,0,0
BRDA:247,15,1,0
BRDA:251,16,0,0
BRDA:251,16,1,0
BRDA:256,17,0,0
BRDA:256,17,1,0
BRDA:256,18,0,0
BRDA:256,18,1,0
BRDA:291,19,0,0
BRDA:291,19,1,0
BRDA:295,20,0,0
BRDA:295,20,1,0
BRDA:320,21,0,0
BRDA:320,21,1,0
BRDA:321,22,0,0
BRDA:321,22,1,0
BRDA:322,23,0,0
BRDA:322,23,1,0
BRDA:352,24,0,0
BRDA:362,25,0,0
BRDA:362,25,1,0
BRDA:443,26,0,0
BRDA:443,26,1,0
BRDA:454,27,0,0
BRDA:454,27,1,0
BRF:54
BRH:0
end_of_record
TN:
SF:lib\database\streaming.ts
FN:40,(anonymous_7)
FN:57,(anonymous_8)
FN:112,(anonymous_10)
FN:133,(anonymous_11)
FN:151,(anonymous_12)
FN:167,(anonymous_14)
FN:182,(anonymous_16)
FN:206,(anonymous_18)
FN:226,(anonymous_19)
FN:240,(anonymous_20)
FN:259,(anonymous_21)
FN:264,(anonymous_22)
FN:268,(anonymous_23)
FN:279,(anonymous_24)
FN:296,(anonymous_25)
FN:297,(anonymous_26)
FN:324,(anonymous_27)
FN:376,(anonymous_28)
FN:377,(anonymous_29)
FN:399,(anonymous_30)
FN:400,(anonymous_31)
FN:400,(anonymous_32)
FN:418,(anonymous_33)
FN:432,(anonymous_34)
FN:447,(anonymous_35)
FN:448,(anonymous_36)
FN:471,(anonymous_37)
FN:475,(anonymous_38)
FN:496,(anonymous_39)
FN:517,(anonymous_40)
FNF:30
FNH:0
FNDA:0,(anonymous_7)
FNDA:0,(anonymous_8)
FNDA:0,(anonymous_10)
FNDA:0,(anonymous_11)
FNDA:0,(anonymous_12)
FNDA:0,(anonymous_14)
FNDA:0,(anonymous_16)
FNDA:0,(anonymous_18)
FNDA:0,(anonymous_19)
FNDA:0,(anonymous_20)
FNDA:0,(anonymous_21)
FNDA:0,(anonymous_22)
FNDA:0,(anonymous_23)
FNDA:0,(anonymous_24)
FNDA:0,(anonymous_25)
FNDA:0,(anonymous_26)
FNDA:0,(anonymous_27)
FNDA:0,(anonymous_28)
FNDA:0,(anonymous_29)
FNDA:0,(anonymous_30)
FNDA:0,(anonymous_31)
FNDA:0,(anonymous_32)
FNDA:0,(anonymous_33)
FNDA:0,(anonymous_34)
FNDA:0,(anonymous_35)
FNDA:0,(anonymous_36)
FNDA:0,(anonymous_37)
FNDA:0,(anonymous_38)
FNDA:0,(anonymous_39)
FNDA:0,(anonymous_40)
DA:1,0
DA:2,0
DA:4,0
DA:5,0
DA:31,0
DA:36,0
DA:37,0
DA:41,0
DA:46,0
DA:47,0
DA:48,0
DA:49,0
DA:50,0
DA:58,0
DA:59,0
DA:60,0
DA:63,0
DA:65,0
DA:66,0
DA:67,0
DA:71,0
DA:72,0
DA:74,0
DA:75,0
DA:76,0
DA:77,0
DA:81,0
DA:82,0
DA:83,0
DA:86,0
DA:87,0
DA:88,0
DA:91,0
DA:92,0
DA:93,0
DA:98,0
DA:99,0
DA:102,0
DA:103,0
DA:106,0
DA:107,0
DA:108,0
DA:113,0
DA:114,0
DA:116,0
DA:127,0
DA:128,0
DA:137,0
DA:142,0
DA:143,0
DA:144,0
DA:152,0
DA:153,0
DA:156,0
DA:157,0
DA:160,0
DA:162,0
DA:163,0
DA:168,0
DA:170,0
DA:171,0
DA:174,0
DA:175,0
DA:177,0
DA:178,0
DA:183,0
DA:185,0
DA:186,0
DA:189,0
DA:190,0
DA:193,0
DA:194,0
DA:196,0
DA:197,0
DA:200,0
DA:201,0
DA:202,0
DA:207,0
DA:208,0
DA:210,0
DA:221,0
DA:222,0
DA:227,0
DA:232,0
DA:233,0
DA:241,0
DA:243,0
DA:244,0
DA:245,0
DA:248,0
DA:249,0
DA:251,0
DA:252,0
DA:254,0
DA:255,0
DA:260,0
DA:261,0
DA:265,0
DA:269,0
DA:270,0
DA:272,0
DA:280,0
DA:281,0
DA:292,0
DA:297,0
DA:306,0
DA:313,0
DA:317,0
DA:323,0
DA:324,0
DA:325,0
DA:326,0
DA:330,0
DA:332,0
DA:335,0
DA:336,0
DA:337,0
DA:339,0
DA:347,0
DA:353,0
DA:359,0
DA:360,0
DA:364,0
DA:367,0
DA:368,0
DA:377,0
DA:385,0
DA:392,0
DA:393,0
DA:399,0
DA:400,0
DA:401,0
DA:402,0
DA:403,0
DA:404,0
DA:406,0
DA:407,0
DA:410,0
DA:412,0
DA:413,0
DA:414,0
DA:418,0
DA:419,0
DA:420,0
DA:421,0
DA:423,0
DA:429,0
DA:432,0
DA:433,0
DA:434,0
DA:439,0
DA:448,0
DA:456,0
DA:463,0
DA:469,0
DA:471,0
DA:473,0
DA:475,0
DA:476,0
DA:477,0
DA:478,0
DA:481,0
DA:482,0
DA:485,0
DA:486,0
DA:487,0
DA:489,0
DA:491,0
DA:492,0
DA:496,0
DA:498,0
DA:499,0
DA:501,0
DA:502,0
DA:504,0
DA:505,0
DA:506,0
DA:508,0
DA:514,0
DA:517,0
DA:518,0
DA:519,0
DA:524,0
LF:183
LH:0
BRDA:43,0,0,0
BRDA:43,0,1,0
BRDA:49,1,0,0
BRDA:49,1,1,0
BRDA:58,2,0,0
BRDA:58,2,1,0
BRDA:66,3,0,0
BRDA:66,3,1,0
BRDA:74,4,0,0
BRDA:74,4,1,0
BRDA:86,5,0,0
BRDA:86,5,1,0
BRDA:86,6,0,0
BRDA:86,6,1,0
BRDA:118,7,0,0
BRDA:118,7,1,0
BRDA:119,8,0,0
BRDA:119,8,1,0
BRDA:135,9,0,0
BRDA:139,10,0,0
BRDA:139,10,1,0
BRDA:142,11,0,0
BRDA:142,11,1,0
BRDA:156,12,0,0
BRDA:156,12,1,0
BRDA:170,13,0,0
BRDA:170,13,1,0
BRDA:183,14,0,0
BRDA:183,14,1,0
BRDA:213,15,0,0
BRDA:213,15,1,0
BRDA:226,16,0,0
BRDA:229,17,0,0
BRDA:229,17,1,0
BRDA:243,18,0,0
BRDA:243,18,1,0
BRDA:243,19,0,0
BRDA:243,19,1,0
BRDA:275,20,0,0
BRDA:275,20,1,0
BRDA:300,21,0,0
BRDA:310,22,0,0
BRDA:310,22,1,0
BRDA:314,23,0,0
BRDA:314,23,1,0
BRDA:323,24,0,0
BRDA:323,24,1,0
BRDA:367,25,0,0
BRDA:367,25,1,0
BRDA:380,26,0,0
BRDA:389,27,0,0
BRDA:389,27,1,0
BRDA:406,28,0,0
BRDA:406,28,1,0
BRDA:421,29,0,0
BRDA:421,29,1,0
BRDA:451,30,0,0
BRDA:460,31,0,0
BRDA:460,31,1,0
BRDA:477,32,0,0
BRDA:477,32,1,0
BRDA:481,33,0,0
BRDA:481,33,1,0
BRDA:498,34,0,0
BRDA:498,34,1,0
BRDA:506,35,0,0
BRDA:506,35,1,0
BRF:67
BRH:0
end_of_record
TN:
SF:lib\database\migrations\001-initial-indexes.ts
FN:12,(anonymous_7)
FN:12,(anonymous_8)
FN:55,(anonymous_9)
FN:55,(anonymous_10)
FNF:4
FNH:0
FNDA:0,(anonymous_7)
FNDA:0,(anonymous_8)
FNDA:0,(anonymous_9)
FNDA:0,(anonymous_10)
DA:1,0
DA:5,0
DA:12,0
DA:18,0
DA:22,0
DA:55,0
DA:57,0
LF:7
LH:0
BRF:0
BRH:0
end_of_record
TN:
SF:lib\database\migrations\002-add-lead-metadata.ts
FN:12,(anonymous_7)
FN:12,(anonymous_8)
FN:34,(anonymous_9)
FN:34,(anonymous_10)
FNF:4
FNH:0
FNDA:0,(anonymous_7)
FNDA:0,(anonymous_8)
FNDA:0,(anonymous_9)
FNDA:0,(anonymous_10)
DA:1,0
DA:5,0
DA:12,0
DA:14,0
DA:19,0
DA:20,0
DA:27,0
[...]
FN:176,shouldQueue
FN:198,registerOperationHandlers
FN:200,(anonymous_12)
FN:200,(anonymous_13)
FN:205,(anonymous_14)
FN:215,(anonymous_15)
FN:215,(anonymous_16)
FN:220,(anonymous_17)
FN:230,(anonymous_18)
FN:230,(anonymous_19)
FN:235,(anonymous_20)
FN:245,(anonymous_21)
FN:245,(anonymous_22)
FN:250,(anonymous_23)
FNF:17
FNH:0
FNDA:0,withOperationControl
FNDA:0,controlledOperation
FNDA:0,(anonymous_9)
FNDA:0,shouldQueue
FNDA:0,registerOperationHandlers
FNDA:0,(anonymous_12)
FNDA:0,(anonymous_13)
FNDA:0,(anonymous_14)
FNDA:0,(anonymous_15)
FNDA:0,(anonymous_16)
FNDA:0,(anonymous_17)
FNDA:0,(anonymous_18)
FNDA:0,(anonymous_19)
FNDA:0,(anonymous_20)
FNDA:0,(anonymous_21)
FNDA:0,(anonymous_22)
FNDA:0,(anonymous_23)
DA:1,0
DA:2,0
DA:3,0
DA:4,0
DA:21,0
DA:25,0
DA:26,0
DA:29,0
DA:31,0
DA:32,0
DA:34,0
DA:35,0
DA:42,0
DA:43,0
DA:49,0
DA:50,0
DA:64,0
DA:65,0
DA:67,0
DA:68,0
DA:69,0
DA:71,0
DA:72,0
DA:85,0
DA:89,0
DA:90,0
DA:91,0
DA:92,0
DA:99,0
DA:101,0
DA:102,0
DA:104,0
DA:114,0
DA:121,0
DA:124,0
DA:125,0
DA:128,0
DA:129,0
DA:140,0
DA:144,0
DA:145,0
DA:153,0
DA:158,0
DA:160,0
DA:178,0
DA:179,0
DA:183,0
DA:184,0
DA:188,0
DA:189,0
DA:192,0
DA:198,0
DA:200,0
DA:202,0
DA:205,0
DA:207,0
DA:215,0
DA:217,0
DA:220,0
DA:222,0
DA:230,0
DA:232,0
DA:235,0
DA:237,0
DA:245,0
DA:247,0
DA:250,0
DA:252,0
DA:261,0
LF:69
LH:0
BRDA:27,0,0,0
BRDA:31,1,0,0
BRDA:31,1,1,0
BRDA:32,2,0,0
BRDA:32,2,1,0
BRDA:34,3,0,0
BRDA:34,3,1,0
BRDA:34,4,0,0
BRDA:34,4,1,0
BRDA:42,5,0,0
BRDA:42,5,1,0
BRDA:49,6,0,0
BRDA:49,6,1,0
BRDA:55,7,0,0
BRDA:55,7,1,0
BRDA:55,8,0,0
BRDA:55,8,1,0
BRDA:64,9,0,0
BRDA:64,9,1,0
BRDA:67,10,0,0
BRDA:67,10,1,0
BRDA:68,11,0,0
BRDA:68,11,1,0
BRDA:71,12,0,0
BRDA:71,12,1,0
BRDA:90,13,0,0
BRDA:90,13,1,0
BRDA:102,14,0,0
BRDA:102,14,1,0
BRDA:102,15,0,0
BRDA:102,15,1,0
BRDA:128,16,0,0
BRDA:128,16,1,0
BRDA:134,17,0,0
BRDA:134,17,1,0
BRDA:144,18,0,0
BRDA:144,18,1,0
BRDA:144,19,0,0
BRDA:144,19,1,0
BRDA:164,20,0,0
BRDA:164,20,1,0
BRDA:178,21,0,0
BRDA:178,21,1,0
BRDA:183,22,0,0
BRDA:183,22,1,0
BRDA:188,23,0,0
BRDA:188,23,1,0
BRF:47
BRH:0
end_of_record
TN:
SF:lib\queuing\suspicious-activity.ts
FN:7,(anonymous_0)
FN:14,(anonymous_1)
FN:67,(anonymous_2)
FN:79,(anonymous_3)
FN:100,(anonymous_4)
FN:115,(anonymous_5)
FN:135,(anonymous_6)
FN:150,(anonymous_7)
FN:166,(anonymous_8)
FN:221,(anonymous_9)
FN:243,(anonymous_10)
FN:263,(anonymous_11)
FN:290,(anonymous_12)
FN:322,(anonymous_13)
FN:324,(anonymous_14)
FN:333,(anonymous_15)
FN:341,(anonymous_16)
FNF:17
FNH:0
FNDA:0,(anonymous_0)
FNDA:0,(anonymous_1)
FNDA:0,(anonymous_2)
FNDA:0,(anonymous_3)
FNDA:0,(anonymous_4)
FNDA:0,(anonymous_5)
FNDA:0,(anonymous_6)
FNDA:0,(anonymous_7)
FNDA:0,(anonymous_8)
FNDA:0,(anonymous_9)
FNDA:0,(anonymous_10)
FNDA:0,(anonymous_11)
FNDA:0,(anonymous_12)
FNDA:0,(anonymous_13)
FNDA:0,(anonymous_14)
FNDA:0,(anonymous_15)
FNDA:0,(anonymous_16)
DA:3,0
DA:4,0
DA:8,0
DA:19,0
DA:20,0
DA:23,0
DA:26,0
DA:27,0
DA:35,0
DA:36,0
DA:37,0
DA:38,0
DA:39,0
DA:40,0
DA:44,0
DA:45,0
DA:46,0
DA:47,0
DA:48,0
DA:49,0
DA:51,0
DA:53,0
DA:61,0
DA:73,0
DA:74,0
DA:76,0
DA:79,0
DA:80,0
DA:81,0
DA:82,0
DA:85,0
DA:86,0
DA:89,0
DA:90,0
DA:91,0
DA:92,0
DA:93,0
DA:101,0
DA:103,0
DA:104,0
DA:105,0
DA:109,0
DA:121,0
DA:122,0
DA:124,0
DA:125,0
DA:126,0
DA:127,0
DA:129,0
DA:136,0
DA:137,0
DA:139,0
DA:140,0
DA:141,0
DA:142,0
DA:143,0
DA:151,0
DA:152,0
DA:154,0
DA:155,0
DA:156,0
DA:160,0
DA:173,0
DA:174,0
DA:177,0
DA:179,0
DA:180,0
DA:184,0
DA:187,0
DA:188,0
DA:189,0
DA:190,0
DA:194,0
DA:198,0
DA:199,0
DA:203,0
DA:207,0
DA:208,0
DA:212,0
DA:215,0
DA:226,0
DA:232,0
DA:233,0
DA:234,0
DA:237,0
DA:248,0
DA:249,0
DA:253,0
DA:254,0
DA:257,0
DA:269,0
DA:271,0
DA:272,0
DA:281,0
DA:284,0
DA:291,0
DA:323,0
DA:324,0
DA:325,0
DA:327,0
DA:328,0
DA:329,0
DA:333,0
DA:338,0
DA:341,0
DA:342,0
LF:106
LH:0
BRDA:8,0,0,0
BRDA:8,0,1,0
BRDA:26,1,0,0
BRDA:26,1,1,0
BRDA:26,2,0,0
BRDA:26,2,1,0
BRDA:26,2,2,0
BRDA:35,3,0,0
BRDA:35,3,1,0
BRDA:35,4,0,0
BRDA:35,4,1,0
BRDA:35,4,2,0
BRDA:46,5,0,0
BRDA:46,5,1,0
BRDA:80,6,0,0
BRDA:80,6,1,0
BRDA:89,7,0,0
BRDA:89,7,1,0
BRDA:104,8,0,0
BRDA:104,8,1,0
BRDA:139,9,0,0
BRDA:139,9,1,0
BRDA:155,10,0,0
BRDA:155,10,1,0
BRDA:155,11,0,0
BRDA:155,11,1,0
BRDA:155,11,2,0
BRDA:173,12,0,0
BRDA:173,12,1,0
BRDA:177,13,0,0
BRDA:177,13,1,0
BRDA:177,13,2,0
BRDA:177,13,3,0
BRDA:179,14,0,0
BRDA:179,14,1,0
BRDA:189,15,0,0
BRDA:189,15,1,0
BRDA:189,16,0,0
BRDA:189,16,1,0
BRDA:198,17,0,0
BRDA:198,17,1,0
BRDA:198,18,0,0
BRDA:198,18,1,0
BRDA:207,19,0,0
BRDA:207,19,1,0
BRDA:226,20,0,0
BRDA:226,20,1,0
BRDA:233,21,0,0
BRDA:233,21,1,0
BRDA:233,22,0,0
BRDA:233,22,1,0
BRDA:248,23,0,0
BRDA:248,23,1,0
BRDA:248,24,0,0
BRDA:248,24,1,0
BRDA:248,25,0,0
BRDA:248,25,1,0
BRDA:248,26,0,0
BRDA:248,26,1,0
BRDA:253,27,0,0
BRDA:253,27,1,0
BRDA:253,28,0,0
BRDA:253,28,1,0
BRDA:253,29,0,0
BRDA:253,29,1,0
BRDA:253,30,0,0
BRDA:253,30,1,0
BRDA:271,31,0,0
BRDA:271,31,1,0
BRDA:328,32,0,0
BRDA:328,32,1,0
BRF:71
BRH:0
end_of_record
TN:
SF:lib\queuing\task-queue.ts
FN:21,(anonymous_7)
FN:28,(anonymous_8)
FN:35,(anonymous_9)
FN:36,(anonymous_10)
FN:83,(anonymous_11)
FN:91,(anonymous_12)
FN:97,(anonymous_13)
FN:99,(anonymous_14)
FN:121,(anonymous_15)
FN:128,(anonymous_16)
FN:129,(anonymous_17)
FN:130,(anonymous_18)
FN:137,(anonymous_19)
FN:146,(anonymous_20)
FN:162,(anonymous_21)
FN:193,(anonymous_23)
FN:216,(anonymous_24)
FN:300,(anonymous_26)
FN:307,(anonymous_27)
FN:323,(anonymous_28)
FN:324,(anonymous_29)
FNF:21
FNH:0
FNDA:0,(anonymous_7)
FNDA:0,(anonymous_8)
FNDA:0,(anonymous_9)
FNDA:0,(anonymous_10)
FNDA:0,(anonymous_11)
FNDA:0,(anonymous_12)
FNDA:0,(anonymous_13)
FNDA:0,(anonymous_14)
FNDA:0,(anonymous_15)
FNDA:0,(anonymous_16)
FNDA:0,(anonymous_17)
FNDA:0,(anonymous_18)
FNDA:0,(anonymous_19)
FNDA:0,(anonymous_20)
FNDA:0,(anonymous_21)
FNDA:0,(anonymous_23)
FNDA:0,(anonymous_24)
FNDA:0,(anonymous_26)
FNDA:0,(anonymous_27)
FNDA:0,(anonymous_28)
FNDA:0,(anonymous_29)
DA:2,0
DA:4,0
DA:5,0
DA:6,0
DA:7,0
DA:8,0
DA:18,0
DA:19,0
DA:21,0
DA:22,0
DA:29,0
DA:36,0
DA:46,0
DA:47,0
DA:51,0
DA:52,0
DA:55,0
DA:69,0
DA:70,0
DA:73,0
DA:74,0
DA:77,0
DA:85,0
DA:86,0
DA:87,0
DA:91,0
DA:99,0
DA:100,0
DA:101,0
DA:102,0
DA:103,0
DA:104,0
DA:105,0
DA:109,0
DA:110,0
DA:111,0
DA:112,0
DA:115,0
DA:122,0
DA:129,0
DA:130,0
DA:131,0
DA:140,0
DA:147,0
DA:149,0
DA:150,0
DA:151,0
DA:152,0
DA:156,0
DA:163,0
DA:164,0
DA:167,0
DA:169,0
DA:171,0
DA:175,0
DA:176,0
DA:177,0
DA:179,0
DA:184,0
DA:187,0
DA:194,0
DA:196,0
DA:197,0
DA:200,0
DA:201,0
DA:205,0
DA:206,0
DA:207,0
DA:210,0
DA:217,0
DA:219,0
DA:221,0
DA:222,0
DA:223,0
DA:224,0
DA:227,0
DA:228,0
DA:229,0
DA:230,0
DA:231,0
DA:235,0
DA:236,0
DA:237,0
DA:241,0
DA:244,0
DA:245,0
DA:246,0
DA:247,0
DA:248,0
DA:252,0
DA:253,0
DA:254,0
DA:255,0
DA:257,0
DA:259,0
DA:261,0
DA:262,0
DA:265,0
DA:267,0
DA:268,0
DA:269,0
DA:272,0
DA:273,0
DA:275,0
DA:278,0
DA:279,0
DA:280,0
DA:282,0
DA:286,0
DA:287,0
DA:288,0
DA:291,0
DA:292,0
DA:295,0
DA:296,0
DA:299,0
DA:300,0
DA:308,0
DA:309,0
DA:310,0
DA:312,0
DA:315,0
DA:317,0
DA:324,0
DA:329,0
LF:125
LH:0
BRDA:38,0,0,0
BRDA:46,1,0,0
BRDA:46,1,1,0
BRDA:51,2,0,0
BRDA:51,2,1,0
BRDA:59,3,0,0
BRDA:59,3,1,0
BRDA:59,4,0,0
BRDA:59,4,1,0
BRDA:63,5,0,0
BRDA:63,5,1,0
BRDA:63,6,0,0
BRDA:63,6,1,0
BRDA:73,7,0,0
BRDA:73,7,1,0
BRDA:86,8,0,0
BRDA:86,8,1,0
BRDA:91,9,0,0
BRDA:91,9,1,0
BRDA:100,10,0,0
BRDA:100,10,1,0
BRDA:110,11,0,0
BRDA:110,11,1,0
BRDA:150,12,0,0
BRDA:150,12,1,0
BRDA:163,13,0,0
BRDA:163,13,1,0
BRDA:169,14,0,0
BRDA:169,14,1,0
BRDA:172,15,0,0
BRDA:172,15,1,0
BRDA:176,16,0,0
BRDA:176,16,1,0
BRDA:200,17,0,0
BRDA:200,17,1,0
BRDA:200,18,0,0
BRDA:200,18,1,0
BRDA:227,19,0,0
BRDA:227,19,1,0
BRDA:236,20,0,0
BRDA:236,20,1,0
BRDA:244,21,0,0
BRDA:244,21,1,0
BRDA:261,22,0,0
BRDA:261,22,1,0
BRDA:265,23,0,0
BRDA:265,23,1,0
BRDA:295,24,0,0
BRDA:295,24,1,0
BRF:49
BRH:0
end_of_record
TN:
SF:lib\queuing\throttle.ts
FN:14,(anonymous_0)
FN:24,(anonymous_1)
FN:68,(anonymous_2)
FN:92,(anonymous_3)
FN:130,(anonymous_4)
FN:137,(anonymous_5)
FN:144,(anonymous_6)
FN:163,(anonymous_7)
FN:174,(anonymous_8)
FN:208,(anonymous_9)
FN:209,(anonymous_10)
FNF:11
FNH:0
FNDA:0,(anonymous_0)
FNDA:0,(anonymous_1)
FNDA:0,(anonymous_2)
FNDA:0,(anonymous_3)
FNDA:0,(anonymous_4)
FNDA:0,(anonymous_5)
FNDA:0,(anonymous_6)
FNDA:0,(anonymous_7)
FNDA:0,(anonymous_8)
FNDA:0,(anonymous_9)
FNDA:0,(anonymous_10)
DA:10,0
DA:11,0
DA:15,0
DA:25,0
DA:26,0
DA:29,0
DA:31,0
DA:32,0
DA:36,0
DA:37,0
DA:38,0
DA:39,0
DA:43,0
DA:44,0
DA:45,0
DA:53,0
DA:54,0
DA:55,0
DA:62,0
DA:69,0
DA:70,0
DA:73,0
DA:74,0
DA:75,0
DA:79,0
DA:80,0
DA:81,0
DA:82,0
DA:85,0
DA:86,0
DA:101,0
DA:102,0
DA:105,0
DA:106,0
DA:107,0
DA:110,0
DA:111,0
DA:112,0
DA:113,0
DA:116,0
DA:131,0
DA:138,0
DA:145,0
DA:147,0
DA:148,0
DA:154,0
DA:157,0
DA:164,0
DA:165,0
DA:167,0
DA:169,0
DA:170,0
DA:174,0
DA:181,0
DA:208,0
DA:209,0
LF:56
LH:0
BRDA:29,0,0,0
BRDA:29,0,1,0
BRDA:37,1,0,0
BRDA:37,1,1,0
BRDA:43,2,0,0
BRDA:43,2,1,0
BRDA:53,3,0,0
BRDA:53,3,1,0
BRDA:73,4,0,0
BRDA:73,4,1,0
BRDA:80,5,0,0
BRDA:80,5,1,0
BRDA:105,6,0,0
BRDA:105,6,1,0
BRDA:111,7,0,0
BRDA:111,7,1,0
BRDA:147,8,0,0
BRDA:147,8,1,0
BRDA:169,9,0,0
BRDA:169,9,1,0
BRF:20
BRH:0
end_of_record
TN:
SF:lib\rate-limiting\api-wrapper.ts
FN:15,withRateLimit
FN:19,rateLimitedHandler
FN:20,(anonymous_9)
FN:80,addRateLimitHeaders
FNF:4
FNH:0
FNDA:0,withRateLimit
FNDA:0,rateLimitedHandler
FNDA:0,(anonymous_9)
FNDA:0,addRateLimitHeaders
DA:1,0
DA:2,0
DA:15,0
DA:19,0
DA:20,0
DA:23,0
DA:31,0
DA:32,0
DA:35,0
DA:36,0
DA:38,0
DA:39,0
DA:40,0
DA:45,0
DA:46,0
DA:49,0
DA:56,0
DA:57,0
DA:61,0
DA:63,0
DA:66,0
DA:80,0
DA:86,0
DA:87,0
DA:88,0
DA:90,0
LF:26
LH:0
BRDA:17,0,0,0
BRDA:21,1,0,0
BRDA:31,2,0,0
BRDA:31,2,1,0
BRDA:31,3,0,0
BRDA:31,3,1,0
BRDA:32,4,0,0
BRDA:32,4,1,0
BRDA:38,5,0,0
BRDA:38,5,1,0
BRDA:40,6,0,0
BRDA:40,6,1,0
BRDA:46,7,0,0
BRDA:46,7,1,0
BRDA:56,8,0,0
BRDA:56,8,1,0
BRF:16
BRH:0
end_of_record
TN:
SF:lib\rate-limiting\config.ts
FN:56,getRateLimitsForUser
FN:60,getRateLimitsForEndpoint
FNF:2
FNH:0
FNDA:0,getRateLimitsForUser
FNDA:0,getRateLimitsForEndpoint
DA:3,0
DA:56,0
DA:57,0
DA:60,0
DA:61,0
LF:5
LH:0
BRDA:57,0,0,0
BRDA:57,0,1,0
BRDA:61,1,0,0
BRDA:61,1,1,0
BRF:4
BRH:0
end_of_record
TN:
SF:lib\rate-limiting\index.ts
FNF:0
FNH:0
DA:1,0
DA:2,0
DA:3,0
DA:4,0
DA:5,0
LF:5
LH:0
BRF:0
BRH:0
end_of_record
TN:
SF:lib\rate-limiting\middleware.ts
FN:13,rateLimitMiddleware
FN:99,getClientIP
FNF:2
FNH:0
FNDA:0,rateLimitMiddleware
FNDA:0,getClientIP
DA:1,0
DA:2,0
DA:3,0
DA:13,0
DA:17,0
DA:19,0
DA:21,0
DA:24,0
DA:30,0
DA:36,0
DA:37,0
DA:44,0
DA:45,0
DA:46,0
DA:53,0
DA:54,0
DA:56,0
DA:58,0
DA:74,0
DA:75,0
DA:76,0
DA:78,0
DA:79,0
DA:82,0
DA:87,0
DA:88,0
DA:91,0
DA:93,0
DA:95,0
DA:99,0
DA:101,0
DA:102,0
DA:103,0
DA:105,0
DA:106,0
DA:107,0
DA:110,0
LF:37
LH:0
BRDA:36,0,0,0
BRDA:36,0,1,0
BRDA:36,1,0,0
BRDA:36,1,1,0
BRDA:45,2,0,0
BRDA:45,2,1,0
BRDA:47,3,0,0
BRDA:47,3,1,0
BRDA:56,4,0,0
BRDA:56,4,1,0
BRDA:74,5,0,0
BRDA:74,5,1,0
BRDA:74,6,0,0
BRDA:74,6,1,0
BRDA:74,7,0,0
BRDA:74,7,1,0
BRDA:78,8,0,0
BRDA:78,8,1,0
BRDA:105,9,0,0
BRDA:105,9,1,0
BRDA:106,10,0,0
BRDA:106,10,1,0
BRDA:107,11,0,0
BRDA:107,11,1,0
BRF:24
BRH:0
end_of_record
TN:
SF:lib\rate-limiting\rate-limiter.ts
FN:12,(anonymous_7)
FN:67,(anonymous_9)
FN:80,(anonymous_11)
FN:93,(anonymous_13)
FNF:4
FNH:0
FNDA:0,(anonymous_7)
FNDA:0,(anonymous_9)
FNDA:0,(anonymous_11)
FNDA:0,(anonymous_13)
DA:2,0
DA:14,0
DA:20,0
DA:21,0
DA:27,0
DA:28,0
DA:30,0
DA:32,0
DA:33,0
DA:35,0
DA:36,0
DA:42,0
DA:45,0
DA:46,0
DA:48,0
DA:49,0
DA:58,0
DA:59,0
DA:60,0
DA:64,0
DA:69,0
DA:70,0
DA:76,0
DA:82,0
DA:83,0
DA:89,0
DA:95,0
DA:102,0
DA:103,0
DA:109,0
DA:111,0
DA:112,0
DA:113,0
DA:114,0
DA:124,0
DA:128,0
LF:36
LH:0
BRDA:30,0,0,0
BRDA:30,0,1,0
BRDA:35,1,0,0
BRDA:35,1,1,0
BRDA:48,2,0,0
BRDA:48,2,1,0
BRDA:48,3,0,0
BRDA:48,3,1,0
BRDA:53,4,0,0
BRDA:53,4,1,0
BRDA:58,5,0,0
BRDA:58,5,1,0
BRDA:111,6,0,0
BRDA:111,6,1,0
BRDA:113,7,0,0
BRDA:113,7,1,0
BRF:16
BRH:0
end_of_record
TN:
SF:lib\rate-limiting\storage.ts
FN:4,(anonymous_7)
FN:7,(anonymous_8)
FN:11,(anonymous_9)
FN:28,(anonymous_11)
FN:33,(anonymous_13)
FN:55,(anonymous_15)
FN:61,(anonymous_17)
FN:74,(anonymous_18)
FNF:8
FNH:0
FNDA:0,(anonymous_7)
FNDA:0,(anonymous_8)
FNDA:0,(anonymous_9)
FNDA:0,(anonymous_11)
FNDA:0,(anonymous_13)
FNDA:0,(anonymous_15)
FNDA:0,(anonymous_17)
FNDA:0,(anonymous_18)
DA:5,0
DA:8,0
DA:12,0
DA:13,0
DA:15,0
DA:16,0
DA:20,0
DA:21,0
DA:22,0
DA:25,0
DA:29,0
DA:30,0
DA:34,0
DA:35,0
DA:37,0
DA:39,0
DA:40,0
DA:45,0
DA:46,0
DA:50,0
DA:51,0
DA:52,0
DA:56,0
DA:57,0
DA:62,0
DA:63,0
DA:64,0
DA:65,0
DA:71,0
DA:74,0
DA:75,0
LF:31
LH:0
BRDA:15,0,0,0
BRDA:15,0,1,0
BRDA:20,1,0,0
BRDA:20,1,1,0
BRDA:37,2,0,0
BRDA:37,2,1,0
BRDA:64,3,0,0
BRDA:64,3,1,0
BRF:8
BRH:0
end_of_record
TN:
SF:lib\security\cookie-config.ts
FN:32,(anonymous_1)
FN:71,(anonymous_3)
FN:87,(anonymous_4)
FN:102,(anonymous_5)
FN:112,(anonymous_6)
FN:126,(anonymous_7)
FN:167,(anonymous_8)
FN:180,(anonymous_9)
FN:212,(anonymous_10)
FN:228,(anonymous_11)
FN:265,(anonymous_12)
FN:279,(anonymous_13)
FN:282,(anonymous_14)
FNF:13
FNH:0
FNDA:0,(anonymous_1)
FNDA:0,(anonymous_3)
FNDA:0,(anonymous_4)
FNDA:0,(anonymous_5)
FNDA:0,(anonymous_6)
FNDA:0,(anonymous_7)
FNDA:0,(anonymous_8)
FNDA:0,(anonymous_9)
FNDA:0,(anonymous_10)
FNDA:0,(anonymous_11)
FNDA:0,(anonymous_12)
FNDA:0,(anonymous_13)
FNDA:0,(anonymous_14)
DA:2,0
DA:24,0
DA:25,0
DA:26,0
DA:27,0
DA:33,0
DA:50,0
DA:53,0
DA:55,0
DA:61,0
DA:62,0
DA:63,0
DA:65,0
DA:72,0
DA:73,0
DA:75,0
DA:81,0
DA:88,0
DA:90,0
DA:96,0
DA:103,0
DA:105,0
DA:112,0
DA:113,0
DA:120,0
DA:127,0
DA:128,0
DA:134,0
DA:136,0
DA:137,0
DA:138,0
DA:139,0
DA:145,0
DA:152,0
DA:157,0
DA:168,0
DA:174,0
DA:181,0
DA:182,0
DA:185,0
DA:186,0
DA:188,0
DA:189,0
DA:192,0
DA:193,0
DA:195,0
DA:202,0
DA:203,0
DA:206,0
DA:213,0
DA:214,0
DA:217,0
DA:218,0
DA:219,0
DA:222,0
DA:229,0
DA:230,0
DA:233,0
DA:234,0
DA:235,0
DA:236,0
DA:239,0
DA:240,0
DA:241,0
DA:244,0
DA:245,0
DA:246,0
DA:251,0
DA:252,0
DA:255,0
DA:256,0
DA:259,0
DA:266,0
DA:280,0
DA:282,0
DA:283,0
DA:286,0
LF:77
LH:0
BRDA:32,0,0,0
BRDA:36,1,0,0
BRDA:36,1,1,0
BRDA:48,2,0,0
BRDA:127,3,0,0
BRDA:127,3,1,0
BRDA:136,4,0,0
BRDA:136,4,1,0
BRDA:138,5,0,0
BRDA:138,5,1,0
BRDA:159,6,0,0
BRDA:159,6,1,0
BRDA:181,7,0,0
BRDA:181,7,1,0
BRDA:188,8,0,0
BRDA:188,8,1,0
BRDA:202,9,0,0
BRDA:202,9,1,0
BRDA:213,10,0,0
BRDA:213,10,1,0
BRDA:233,11,0,0
BRDA:233,11,1,0
BRDA:234,12,0,0
BRDA:234,12,1,0
BRDA:239,13,0,0
BRDA:239,13,1,0
BRDA:239,14,0,0
BRDA:239,14,1,0
BRDA:244,15,0,0
BRDA:244,15,1,0
BRDA:244,16,0,0
BRDA:244,16,1,0
BRDA:251,17,0,0
BRDA:251,17,1,0
BRDA:255,18,0,0
BRDA:255,18,1,0
BRDA:255,19,0,0
BRDA:255,19,1,0
BRDA:25,20,0,0
BRDA:25,20,1,0
BRF:40
BRH:0
end_of_record
TN:
SF:lib\supabase\client.ts
FN:3,createFromStub
FN:7,(anonymous_8)
FN:8,(anonymous_9)
FN:9,(anonymous_10)
FN:10,(anonymous_11)
FN:11,(anonymous_12)
FN:12,(anonymous_13)
FN:13,(anonymous_14)
FN:14,(anonymous_15)
FN:20,createClient
FN:23,(anonymous_17)
FN:28,(anonymous_19)
FN:32,(anonymous_21)
FNF:13
FNH:0
FNDA:0,createFromStub
FNDA:0,(anonymous_8)
FNDA:0,(anonymous_9)
FNDA:0,(anonymous_10)
FNDA:0,(anonymous_11)
FNDA:0,(anonymous_12)
FNDA:0,(anonymous_13)
FNDA:0,(anonymous_14)
FNDA:0,(anonymous_15)
FNDA:0,createClient
FNDA:0,(anonymous_17)
FNDA:0,(anonymous_19)
FNDA:0,(anonymous_21)
DA:1,0
DA:4,0
DA:6,0
DA:7,0
DA:8,0
DA:9,0
DA:10,0
DA:11,0
DA:12,0
DA:13,0
DA:14,0
DA:17,0
DA:20,0
DA:21,0
DA:25,0
DA:26,0
DA:29,0
DA:33,0
DA:38,0
LF:19
LH:0
BRDA:25,0,0,0
BRDA:25,0,1,0
BRF:2
BRH:0
end_of_record
TN:
SF:lib\supabase\middleware.ts
FN:3,(anonymous_0)
FNF:1
FNH:0
FNDA:0,(anonymous_0)
DA:1,0
DA:3,0
DA:5,0
LF:3
LH:0
BRF:0
BRH:0
end_of_record
TN:
SF:lib\supabase\server.ts
FN:3,createFromStub
FN:8,(anonymous_8)
FN:9,(anonymous_9)
FN:10,(anonymous_10)
FN:11,(anonymous_11)
FN:12,(anonymous_12)
FN:13,(anonymous_13)
FN:14,(anonymous_14)
FN:15,(anonymous_15)
FN:21,createClient
FN:24,(anonymous_18)
FN:29,(anonymous_20)
FNF:12
FNH:0
FNDA:0,createFromStub
FNDA:0,(anonymous_8)
FNDA:0,(anonymous_9)
FNDA:0,(anonymous_10)
FNDA:0,(anonymous_11)
FNDA:0,(anonymous_12)
FNDA:0,(anonymous_13)
FNDA:0,(anonymous_14)
FNDA:0,(anonymous_15)
FNDA:0,createClient
FNDA:0,(anonymous_18)
FNDA:0,(anonymous_20)
DA:1,0
DA:4,0
DA:7,0
DA:8,0
DA:9,0
DA:10,0
DA:11,0
DA:12,0
DA:13,0
DA:14,0
DA:15,0
DA:18,0
DA:21,0
DA:22,0
DA:25,0
DA:26,0
DA:30,0
DA:35,0
LF:18
LH:0
BRF:0
BRH:0
end_of_record
TN:
SF:lib\validation\index.ts
FNF:0
FNH:0
DA:2,0
DA:5,0
DA:8,0
LF:3
LH:0
BRF:0
BRH:0
end_of_record
TN:
SF:lib\validation\input-validator.ts
FN:22,(anonymous_0)
FN:33,(anonymous_1)
FN:58,(anonymous_2)
FN:76,(anonymous_3)
FN:91,(anonymous_4)
FN:110,(anonymous_5)
FN:133,(anonymous_6)
FN:143,(anonymous_7)
FN:160,(anonymous_8)
FN:175,(anonymous_9)
FN:198,(anonymous_10)
FN:204,(anonymous_11)
FN:260,(anonymous_12)
FNF:13
FNH:0
FNDA:0,(anonymous_0)
FNDA:0,(anonymous_1)
FNDA:0,(anonymous_2)
FNDA:0,(anonymous_3)
FNDA:0,(anonymous_4)
FNDA:0,(anonymous_5)
FNDA:0,(anonymous_6)
FNDA:0,(anonymous_7)
FNDA:0,(anonymous_8)
FNDA:0,(anonymous_9)
FNDA:0,(anonymous_10)
FNDA:0,(anonymous_11)
FNDA:0,(anonymous_12)
DA:2,0
DA:18,0
DA:23,0
DA:24,0
DA:26,0
DA:27,0
DA:33,0
DA:39,0
DA:44,0
DA:59,0
DA:60,0
DA:63,0
DA:65,0
DA:67,0
DA:68,0
DA:70,0
DA:71,0
DA:73,0
DA:74,0
DA:76,0
DA:77,0
DA:84,0
DA:86,0
DA:89,0
DA:90,0
DA:91,0
DA:92,0
DA:99,0
DA:101,0
DA:104,0
DA:111,0
DA:112,0
DA:116,0
DA:118,0
DA:120,0
DA:122,0
DA:124,0
DA:126,0
DA:134,0
DA:135,0
DA:138,0
DA:139,0
DA:142,0
DA:143,0
DA:146,0
DA:147,0
DA:148,0
DA:149,0
DA:151,0
DA:154,0
DA:166,0
DA:169,0
DA:176,0
DA:177,0
DA:180,0
DA:198,0
DA:209,0
DA:219,0
DA:221,0
DA:222,0
DA:232,0
DA:233,0
DA:244,0
DA:247,0
DA:261,0
DA:262,0
DA:264,0
DA:265,0
DA:266,0
DA:270,0
DA:271,0
DA:276,0
DA:279,0
DA:282,0
LF:74
LH:0
BRDA:26,0,0,0
BRDA:26,0,1,0
BRDA:58,1,0,0
BRDA:59,2,0,0
BRDA:59,2,1,0
BRDA:65,3,0,0
BRDA:65,3,1,0
BRDA:65,3,2,0
BRDA:65,3,3,0
BRDA:65,3,4,0
BRDA:84,4,0,0
BRDA:84,4,1,0
BRDA:99,5,0,0
BRDA:99,5,1,0
BRDA:111,6,0,0
BRDA:111,6,1,0
BRDA:111,7,0,0
BRDA:111,7,1,0
BRDA:116,8,0,0
BRDA:116,8,1,0
BRDA:116,8,2,0
BRDA:116,8,3,0
BRDA:116,8,4,0
BRDA:126,9,0,0
BRDA:126,9,1,0
BRDA:133,10,0,0
BRDA:134,11,0,0
BRDA:134,11,1,0
BRDA:134,12,0,0
BRDA:134,12,1,0
BRDA:138,13,0,0
BRDA:138,13,1,0
BRDA:142,14,0,0
BRDA:142,14,1,0
BRDA:146,15,0,0
BRDA:146,15,1,0
BRDA:163,16,0,0
BRDA:176,17,0,0
BRDA:176,17,1,0
BRDA:221,18,0,0
BRDA:221,18,1,0
BRDA:232,19,0,0
BRDA:232,19,1,0
BRDA:265,20,0,0
BRDA:265,20,1,0
BRDA:270,21,0,0
BRDA:270,21,1,0
BRDA:285,22,0,0
BRDA:285,22,1,0
BRF:49
BRH:0
end_of_record
TN:
SF:lib\validation\middleware.ts
FN:21,createValidationMiddleware
FN:22,validationMiddleware
FN:78,(anonymous_10)
FN:121,withValidation
FN:127,validatedHandler
FN:135,getValidatedData
FN:146,createValidationErrorResponse
FN:164,validateRuntimeType
FNF:8
FNH:0
FNDA:0,createValidationMiddleware
FNDA:0,validationMiddleware
FNDA:0,(anonymous_10)
FNDA:0,withValidation
FNDA:0,validatedHandler
FNDA:0,getValidatedData
FNDA:0,createValidationErrorResponse
FNDA:0,validateRuntimeType
DA:1,0
DA:3,0
DA:21,0
DA:22,0
DA:31,0
DA:33,0
DA:34,0
DA:36,0
DA:38,0
DA:39,0
DA:40,0
DA:41,0
DA:43,0
DA:44,0
DA:46,0
DA:49,0
DA:58,0
DA:59,0
DA:60,0
DA:62,0
DA:63,0
DA:66,0
DA:68,0
DA:69,0
DA:71,0
DA:76,0
DA:77,0
DA:78,0
DA:79,0
DA:82,0
DA:84,0
DA:85,0
DA:87,0
DA:92,0
DA:93,0
DA:104,0
DA:106,0
DA:107,0
DA:121,0
DA:125,0
DA:127,0
DA:128,0
DA:135,0
DA:136,0
DA:146,0
DA:151,0
DA:164,0
DA:169,0
DA:171,0
DA:172,0
DA:175,0
LF:51
LH:0
BRDA:21,0,0,0
BRDA:29,1,0,0
BRDA:30,2,0,0
BRDA:38,3,0,0
BRDA:38,3,1,0
BRDA:38,4,0,0
BRDA:38,4,1,0
BRDA:38,4,2,0
BRDA:38,4,3,0
BRDA:43,5,0,0
BRDA:43,5,1,0
BRDA:44,6,0,0
BRDA:44,6,1,0
BRDA:58,7,0,0
BRDA:58,7,1,0
BRDA:68,8,0,0
BRDA:68,8,1,0
BRDA:69,9,0,0
BRDA:69,9,1,0
BRDA:76,10,0,0
BRDA:76,10,1,0
BRDA:84,11,0,0
BRDA:84,11,1,0
BRDA:85,12,0,0
BRDA:85,12,1,0
BRDA:92,13,0,0
BRDA:92,13,1,0
BRDA:123,14,0,0
BRDA:149,15,0,0
BRDA:167,16,0,0
BRDA:171,17,0,0
BRDA:171,17,1,0
BRF:32
BRH:0
end_of_record
TN:
SF:lib\validation\schemas.ts
FN:69,(anonymous_0)
FNF:1
FNH:0
FNDA:0,(anonymous_0)
DA:1,1
DA:4,1
DA:5,1
DA:6,1
DA:7,1
DA:10,1
DA:18,1
DA:29,1
DA:31,1
DA:40,1
DA:48,1
DA:50,1
DA:55,1
DA:63,1
DA:69,0
DA:74,1
DA:80,1
DA:86,1
DA:94,1
DA:101,1
LF:20
LH:19
BRDA:69,0,0,0
BRDA:69,0,1,0
BRDA:69,0,2,0
BRDA:69,0,3,0
BRF:4
BRH:0
end_of_record
